"../../../Engine/Content/EditorResources/S_Actor.ubulk" 0
"../../../Engine/Content/EditorResources/S_Actor.uasset" 1
"../../../Engine/Content/EditorResources/S_Actor.uexp" 2
"../../../Engine/Content/EditorResources/S_BoxReflectionCapture.uasset" 3
"../../../Engine/Content/EditorResources/S_BoxReflectionCapture.uexp" 4
"../../../Engine/Content/EngineResources/DefaultTexture.ubulk" 5
"../../../Engine/Content/EngineResources/DefaultTexture.uasset" 6
"../../../Engine/Content/EngineResources/DefaultTexture.uexp" 7
"../../../Engine/Content/EngineResources/DefaultTextureCube.uasset" 8
"../../../Engine/Content/EngineResources/DefaultTextureCube.uexp" 9
"../../../Engine/Content/EngineResources/DefaultVolumeTexture2D.uasset" 10
"../../../Engine/Content/EngineResources/DefaultVolumeTexture2D.uexp" 11
"../../../Engine/Content/EngineResources/DefaultVolumeTexture.uasset" 12
"../../../Engine/Content/EngineResources/DefaultVolumeTexture.uexp" 13
"../../../Engine/Content/EditorResources/S_Trigger.ubulk" 14
"../../../Engine/Content/EditorResources/S_Trigger.uasset" 15
"../../../Engine/Content/EditorResources/S_Trigger.uexp" 16
"../../../Engine/Content/EditorResources/S_TriggerBox.uasset" 17
"../../../Engine/Content/EditorResources/S_TriggerBox.uexp" 18
"../../../Engine/Content/EditorResources/S_TriggerCapsule.uasset" 19
"../../../Engine/Content/EditorResources/S_TriggerCapsule.uexp" 20
"../../../Engine/Content/EditorResources/S_TriggerSphere.uasset" 21
"../../../Engine/Content/EditorResources/S_TriggerSphere.uexp" 22
"../../../Engine/Content/EngineMeshes/Sphere.ubulk" 23
"../../../Engine/Content/EngineMeshes/Sphere.uasset" 24
"../../../Engine/Content/EngineMeshes/Sphere.uexp" 25
"../../../Engine/Content/EngineResources/GradientTexture0.uasset" 26
"../../../Engine/Content/EngineResources/GradientTexture0.uexp" 27
"../../../Engine/Content/EngineResources/Black.uasset" 28
"../../../Engine/Content/EngineResources/Black.uexp" 29
"../../../Engine/Content/VREditor/LaserPointer/VR_LaserPower_01.ubulk" 30
"../../../Engine/Content/VREditor/LaserPointer/VR_LaserPower_01.uasset" 31
"../../../Engine/Content/VREditor/LaserPointer/VR_LaserPower_01.uexp" 32
"../../../Engine/Content/VREditor/TransformGizmo/TransformGizmoMaterial.uasset" 33
"../../../Engine/Content/VREditor/TransformGizmo/TransformGizmoMaterial.uexp" 34
"../../../Engine/Content/VREditor/TransformGizmo/TranslucentTransformGizmoMaterial.uasset" 35
"../../../Engine/Content/VREditor/TransformGizmo/TranslucentTransformGizmoMaterial.uexp" 36
"../../../Engine/Content/VREditor/TransformGizmo/PlaneTranslationHandle.ubulk" 37
"../../../Engine/Content/VREditor/TransformGizmo/PlaneTranslationHandle.uasset" 38
"../../../Engine/Content/VREditor/TransformGizmo/PlaneTranslationHandle.uexp" 39
"../../../Engine/Content/VREditor/TransformGizmo/BoundingBoxCorner.ubulk" 40
"../../../Engine/Content/VREditor/TransformGizmo/BoundingBoxCorner.uasset" 41
"../../../Engine/Content/VREditor/TransformGizmo/BoundingBoxCorner.uexp" 42
"../../../Engine/Content/VREditor/TransformGizmo/BoundingBoxEdge.ubulk" 43
"../../../Engine/Content/VREditor/TransformGizmo/BoundingBoxEdge.uasset" 44
"../../../Engine/Content/VREditor/TransformGizmo/BoundingBoxEdge.uexp" 45
"../../../Engine/Content/VREditor/TransformGizmo/Main.uasset" 46
"../../../Engine/Content/VREditor/TransformGizmo/Main.uexp" 47
"../../../Engine/Content/VREditor/TransformGizmo/Xray.uasset" 48
"../../../Engine/Content/VREditor/TransformGizmo/Xray.uexp" 49
"../../../Engine/Content/VREditor/TransformGizmo/SM_Sequencer_Node.ubulk" 50
"../../../Engine/Content/VREditor/TransformGizmo/SM_Sequencer_Node.uasset" 51
"../../../Engine/Content/VREditor/TransformGizmo/SM_Sequencer_Node.uexp" 52
"../../../Engine/Content/EditorMaterials/Camera/CineMat.uasset" 53
"../../../Engine/Content/EditorMaterials/Camera/CineMat.uexp" 54
"../../../Engine/Content/EditorMaterials/Camera/MI_CineMat_Rig.uasset" 55
"../../../Engine/Content/EditorMaterials/Camera/MI_CineMat_Rig.uexp" 56
"../../../Engine/Content/EditorMeshes/Camera/SM_CraneRig_Base.ubulk" 57
"../../../Engine/Content/EditorMeshes/Camera/SM_CraneRig_Base.uasset" 58
"../../../Engine/Content/EditorMeshes/Camera/SM_CraneRig_Base.uexp" 59
"../../../Engine/Content/EditorMeshes/Camera/SM_CraneRig_Arm.ubulk" 60
"../../../Engine/Content/EditorMeshes/Camera/SM_CraneRig_Arm.uasset" 61
"../../../Engine/Content/EditorMeshes/Camera/SM_CraneRig_Arm.uexp" 62
"../../../Engine/Content/EditorMeshes/Camera/SM_CraneRig_Mount.ubulk" 63
"../../../Engine/Content/EditorMeshes/Camera/SM_CraneRig_Mount.uasset" 64
"../../../Engine/Content/EditorMeshes/Camera/SM_CraneRig_Mount.uexp" 65
"../../../Engine/Content/EditorMeshes/Camera/SM_CraneRig_Body.ubulk" 66
"../../../Engine/Content/EditorMeshes/Camera/SM_CraneRig_Body.uasset" 67
"../../../Engine/Content/EditorMeshes/Camera/SM_CraneRig_Body.uexp" 68
"../../../Engine/Content/EditorMeshes/Camera/SM_RailRig_Track.ubulk" 69
"../../../Engine/Content/EditorMeshes/Camera/SM_RailRig_Track.uasset" 70
"../../../Engine/Content/EditorMeshes/Camera/SM_RailRig_Track.uexp" 71
"../../../Engine/Content/EditorMeshes/Camera/SM_RailRig_Mount.ubulk" 72
"../../../Engine/Content/EditorMeshes/Camera/SM_RailRig_Mount.uasset" 73
"../../../Engine/Content/EditorMeshes/Camera/SM_RailRig_Mount.uexp" 74
"../../../Engine/Content/EngineMaterials/T_Default_Material_Grid_M.ubulk" 75
"../../../Engine/Content/EngineMaterials/T_Default_Material_Grid_M.uasset" 76
"../../../Engine/Content/EngineMaterials/T_Default_Material_Grid_M.uexp" 77
"../../../Engine/Content/EngineMaterials/T_Default_Material_Grid_N.ubulk" 78
"../../../Engine/Content/EngineMaterials/T_Default_Material_Grid_N.uasset" 79
"../../../Engine/Content/EngineMaterials/T_Default_Material_Grid_N.uexp" 80
"../../../Engine/Content/Functions/Engine_MaterialFunctions01/Opacity/CameraDepthFade.uasset" 81
"../../../Engine/Content/Functions/Engine_MaterialFunctions01/Opacity/CameraDepthFade.uexp" 82
"../../../Engine/Content/EngineMaterials/WorldGridMaterial.uasset" 83
"../../../Engine/Content/EngineMaterials/WorldGridMaterial.uexp" 84
"../../../Engine/Content/ArtTools/RenderToTexture/Meshes/S_1_Unit_Plane.ubulk" 85
"../../../Engine/Content/ArtTools/RenderToTexture/Meshes/S_1_Unit_Plane.uasset" 86
"../../../Engine/Content/ArtTools/RenderToTexture/Meshes/S_1_Unit_Plane.uexp" 87
"../../../Engine/Content/EditorMaterials/ParticleSystems/PSysThumbnail_NoImage.ubulk" 88
"../../../Engine/Content/EditorMaterials/ParticleSystems/PSysThumbnail_NoImage.uasset" 89
"../../../Engine/Content/EditorMaterials/ParticleSystems/PSysThumbnail_NoImage.uexp" 90
"../../../Engine/Content/EditorMaterials/ParticleSystems/PSysThumbnail_OOD.ubulk" 91
"../../../Engine/Content/EditorMaterials/ParticleSystems/PSysThumbnail_OOD.uasset" 92
"../../../Engine/Content/EditorMaterials/ParticleSystems/PSysThumbnail_OOD.uexp" 93
"../../../Engine/Content/EditorLandscapeResources/SplineEditorMeshMat.uasset" 94
"../../../Engine/Content/EditorLandscapeResources/SplineEditorMeshMat.uexp" 95
"../../../Engine/Content/EditorLandscapeResources/SplineEditorMesh.ubulk" 96
"../../../Engine/Content/EditorLandscapeResources/SplineEditorMesh.uasset" 97
"../../../Engine/Content/EditorLandscapeResources/SplineEditorMesh.uexp" 98
"../../../Engine/Content/EditorResources/S_Solver.ubulk" 99
"../../../Engine/Content/EditorResources/S_Solver.uasset" 100
"../../../Engine/Content/EditorResources/S_Solver.uexp" 101
"../../../Engine/Plugins/Media/MediaPlate/Content/SM_MediaPlateScreen.ubulk" 102
"../../../Engine/Plugins/Media/MediaPlate/Content/SM_MediaPlateScreen.uasset" 103
"../../../Engine/Plugins/Media/MediaPlate/Content/SM_MediaPlateScreen.uexp" 104
"../../../Engine/Content/EngineMaterials/Good64x64TilingNoiseHighFreq.uasset" 105
"../../../Engine/Content/EngineMaterials/Good64x64TilingNoiseHighFreq.uexp" 106
"../../../Engine/Content/EngineMaterials/DefaultBokeh.uasset" 107
"../../../Engine/Content/EngineMaterials/DefaultBokeh.uexp" 108
"../../../Engine/Content/EngineMaterials/PreintegratedSkinBRDF.uasset" 109
"../../../Engine/Content/EngineMaterials/PreintegratedSkinBRDF.uexp" 110
"../../../Engine/Content/EngineMaterials/MiniFont.uasset" 111
"../../../Engine/Content/EngineMaterials/MiniFont.uexp" 112
"../../../Engine/Content/EngineMaterials/WeightMapPlaceholderTexture.uasset" 113
"../../../Engine/Content/EngineMaterials/WeightMapPlaceholderTexture.uexp" 114
"../../../Engine/Content/EngineMaterials/DefaultWhiteGrid.ubulk" 115
"../../../Engine/Content/EngineMaterials/DefaultWhiteGrid.uasset" 116
"../../../Engine/Content/EngineMaterials/DefaultWhiteGrid.uexp" 117
"D:/CPP/UE5_Projects/ItemsPicker/Content/UI/BPW_Inventory.uasset" 118
"D:/CPP/UE5_Projects/ItemsPicker/Content/UI/BPW_Inventory.uexp" 119
"D:/CPP/UE5_Projects/ItemsPicker/Content/Blueprints/BPI_Picking.uasset" 120
"D:/CPP/UE5_Projects/ItemsPicker/Content/Blueprints/BPI_Picking.uexp" 121
"D:/CPP/UE5_Projects/ItemsPicker/Content/Blueprints/BPI_Keyboard.uasset" 122
"D:/CPP/UE5_Projects/ItemsPicker/Content/Blueprints/BPI_Keyboard.uexp" 123
"../../../Engine/Content/EditorBlueprintResources/StandardMacros.uasset" 124
"../../../Engine/Content/EditorBlueprintResources/StandardMacros.uexp" 125
"D:/CPP/UE5_Projects/ItemsPicker/Content/UI/BPW_PickUpItem.uasset" 126
"D:/CPP/UE5_Projects/ItemsPicker/Content/UI/BPW_PickUpItem.uexp" 127
"D:/CPP/UE5_Projects/ItemsPicker/Content/Input/IA_PickUpStuff.uasset" 128
"D:/CPP/UE5_Projects/ItemsPicker/Content/Input/IA_PickUpStuff.uexp" 129
"D:/CPP/UE5_Projects/ItemsPicker/Content/Input/IA_ThrowStuff.uasset" 130
"D:/CPP/UE5_Projects/ItemsPicker/Content/Input/IA_ThrowStuff.uexp" 131
"D:/CPP/UE5_Projects/ItemsPicker/Content/Input/IA_InventoryShowHide.uasset" 132
"D:/CPP/UE5_Projects/ItemsPicker/Content/Input/IA_InventoryShowHide.uexp" 133
"D:/CPP/UE5_Projects/ItemsPicker/Content/Input/IA_Quit.uasset" 134
"D:/CPP/UE5_Projects/ItemsPicker/Content/Input/IA_Quit.uexp" 135
"D:/CPP/UE5_Projects/ItemsPicker/Content/Input/IMC_GamePlayControllers.uasset" 136
"D:/CPP/UE5_Projects/ItemsPicker/Content/Input/IMC_GamePlayControllers.uexp" 137
"D:/CPP/UE5_Projects/ItemsPicker/Content/Characters/Mannequins/Meshes/SK_Mannequin.uasset" 138
"D:/CPP/UE5_Projects/ItemsPicker/Content/Characters/Mannequins/Meshes/SK_Mannequin.uexp" 139
"D:/CPP/UE5_Projects/ItemsPicker/Content/Characters/Mannequins/Textures/Quinn/T_Quinn_02ID_MSR_MSK.ubulk" 140
"D:/CPP/UE5_Projects/ItemsPicker/Content/Characters/Mannequins/Textures/Quinn/T_Quinn_02ID_MSR_MSK.uasset" 141
"D:/CPP/UE5_Projects/ItemsPicker/Content/Characters/Mannequins/Textures/Quinn/T_Quinn_02ID_MSR_MSK.uexp" 142
"D:/CPP/UE5_Projects/ItemsPicker/Content/Characters/Mannequins/Textures/Quinn/T_Quinn_02ID_BN.ubulk" 143
"D:/CPP/UE5_Projects/ItemsPicker/Content/Characters/Mannequins/Textures/Quinn/T_Quinn_02ID_BN.uasset" 144
"D:/CPP/UE5_Projects/ItemsPicker/Content/Characters/Mannequins/Textures/Quinn/T_Quinn_02ID_BN.uexp" 145
"D:/CPP/UE5_Projects/ItemsPicker/Content/Characters/Mannequins/Textures/Quinn/T_Quinn_02_ASAOMASK_MSK.ubulk" 146
"D:/CPP/UE5_Projects/ItemsPicker/Content/Characters/Mannequins/Textures/Quinn/T_Quinn_02_ASAOMASK_MSK.uasset" 147
"D:/CPP/UE5_Projects/ItemsPicker/Content/Characters/Mannequins/Textures/Quinn/T_Quinn_02_ASAOMASK_MSK.uexp" 148
"D:/CPP/UE5_Projects/ItemsPicker/Content/Characters/Mannequins/Textures/Quinn/T_Quinn_02_CCRCCPlastic_MSK.ubulk" 149
"D:/CPP/UE5_Projects/ItemsPicker/Content/Characters/Mannequins/Textures/Quinn/T_Quinn_02_CCRCCPlastic_MSK.uasset" 150
"D:/CPP/UE5_Projects/ItemsPicker/Content/Characters/Mannequins/Textures/Quinn/T_Quinn_02_CCRCCPlastic_MSK.uexp" 151
"D:/CPP/UE5_Projects/ItemsPicker/Content/Characters/Mannequins/Textures/Quinn/T_Quinn_02ID_Tan.ubulk" 152
"D:/CPP/UE5_Projects/ItemsPicker/Content/Characters/Mannequins/Textures/Quinn/T_Quinn_02ID_Tan.uasset" 153
"D:/CPP/UE5_Projects/ItemsPicker/Content/Characters/Mannequins/Textures/Quinn/T_Quinn_02ID_Tan.uexp" 154
"D:/CPP/UE5_Projects/ItemsPicker/Content/Characters/Mannequins/Textures/Quinn/T_Quinn_02ID_D.ubulk" 155
"D:/CPP/UE5_Projects/ItemsPicker/Content/Characters/Mannequins/Textures/Quinn/T_Quinn_02ID_D.uasset" 156
"D:/CPP/UE5_Projects/ItemsPicker/Content/Characters/Mannequins/Textures/Quinn/T_Quinn_02ID_D.uexp" 157
"D:/CPP/UE5_Projects/ItemsPicker/Content/Characters/Mannequins/Textures/Quinn/T_Quinn_01ID_MSR_MSK.ubulk" 158
"D:/CPP/UE5_Projects/ItemsPicker/Content/Characters/Mannequins/Textures/Quinn/T_Quinn_01ID_MSR_MSK.uasset" 159
"D:/CPP/UE5_Projects/ItemsPicker/Content/Characters/Mannequins/Textures/Quinn/T_Quinn_01ID_MSR_MSK.uexp" 160
"D:/CPP/UE5_Projects/ItemsPicker/Content/Characters/Mannequins/Materials/Functions/ChromaticCurve.uasset" 161
"D:/CPP/UE5_Projects/ItemsPicker/Content/Characters/Mannequins/Materials/Functions/ChromaticCurve.uexp" 162
"D:/CPP/UE5_Projects/ItemsPicker/Content/Characters/Mannequins/Materials/Functions/CA_Mannequin.uasset" 163
"D:/CPP/UE5_Projects/ItemsPicker/Content/Characters/Mannequins/Materials/Functions/CA_Mannequin.uexp" 164
"D:/CPP/UE5_Projects/ItemsPicker/Content/Characters/Mannequins/Materials/Functions/MF_Diffraction.uasset" 165
"D:/CPP/UE5_Projects/ItemsPicker/Content/Characters/Mannequins/Materials/Functions/MF_Diffraction.uexp" 166
"D:/CPP/UE5_Projects/ItemsPicker/Content/Characters/Mannequins/Textures/Manny/T_Manny_01_N.ubulk" 167
"D:/CPP/UE5_Projects/ItemsPicker/Content/Characters/Mannequins/Textures/Manny/T_Manny_01_N.uasset" 168
"D:/CPP/UE5_Projects/ItemsPicker/Content/Characters/Mannequins/Textures/Manny/T_Manny_01_N.uexp" 169
"D:/CPP/UE5_Projects/ItemsPicker/Content/Characters/Mannequins/Materials/Functions/ML_BaseColorFallOff.uasset" 170
"D:/CPP/UE5_Projects/ItemsPicker/Content/Characters/Mannequins/Materials/Functions/ML_BaseColorFallOff.uexp" 171
"../../../Engine/Content/Functions/Engine_MaterialFunctions02/Utility/BreakOutFloat2Components.uasset" 172
"../../../Engine/Content/Functions/Engine_MaterialFunctions02/Utility/BreakOutFloat2Components.uexp" 173
"../../../Engine/Content/Functions/Engine_MaterialFunctions01/Texturing/ScaleUVsByCenter.uasset" 174
"../../../Engine/Content/Functions/Engine_MaterialFunctions01/Texturing/ScaleUVsByCenter.uexp" 175
"D:/CPP/UE5_Projects/ItemsPicker/Content/Characters/Mannequins/Textures/Shared/T_UE_Logo_M.uasset" 176
"D:/CPP/UE5_Projects/ItemsPicker/Content/Characters/Mannequins/Textures/Shared/T_UE_Logo_M.uexp" 177
"D:/CPP/UE5_Projects/ItemsPicker/Content/Characters/Mannequins/Materials/Functions/MF_logo3layers.uasset" 178
"D:/CPP/UE5_Projects/ItemsPicker/Content/Characters/Mannequins/Materials/Functions/MF_logo3layers.uexp" 179
"D:/CPP/UE5_Projects/ItemsPicker/Content/Characters/Mannequins/Textures/Manny/T_Manny_01_CCRCCPlastic_MSK.ubulk" 180
"D:/CPP/UE5_Projects/ItemsPicker/Content/Characters/Mannequins/Textures/Manny/T_Manny_01_CCRCCPlastic_MSK.uasset" 181
"D:/CPP/UE5_Projects/ItemsPicker/Content/Characters/Mannequins/Textures/Manny/T_Manny_01_CCRCCPlastic_MSK.uexp" 182
"D:/CPP/UE5_Projects/ItemsPicker/Content/Characters/Mannequins/Textures/Manny/T_Manny_01_ASAOPMASK_MSK.ubulk" 183
"D:/CPP/UE5_Projects/ItemsPicker/Content/Characters/Mannequins/Textures/Manny/T_Manny_01_ASAOPMASK_MSK.uasset" 184
"D:/CPP/UE5_Projects/ItemsPicker/Content/Characters/Mannequins/Textures/Manny/T_Manny_01_ASAOPMASK_MSK.uexp" 185
"D:/CPP/UE5_Projects/ItemsPicker/Content/Characters/Mannequins/Textures/Manny/T_Manny_01_MSR_MSK.ubulk" 186
"D:/CPP/UE5_Projects/ItemsPicker/Content/Characters/Mannequins/Textures/Manny/T_Manny_01_MSR_MSK.uasset" 187
"D:/CPP/UE5_Projects/ItemsPicker/Content/Characters/Mannequins/Textures/Manny/T_Manny_01_MSR_MSK.uexp" 188
"D:/CPP/UE5_Projects/ItemsPicker/Content/Characters/Mannequins/Textures/Manny/T_Manny_01_BN.ubulk" 189
"D:/CPP/UE5_Projects/ItemsPicker/Content/Characters/Mannequins/Textures/Manny/T_Manny_01_BN.uasset" 190
"D:/CPP/UE5_Projects/ItemsPicker/Content/Characters/Mannequins/Textures/Manny/T_Manny_01_BN.uexp" 191
"D:/CPP/UE5_Projects/ItemsPicker/Content/Characters/Mannequins/Textures/Manny/T_Manny_01_D.ubulk" 192
"D:/CPP/UE5_Projects/ItemsPicker/Content/Characters/Mannequins/Textures/Manny/T_Manny_01_D.uasset" 193
"D:/CPP/UE5_Projects/ItemsPicker/Content/Characters/Mannequins/Textures/Manny/T_Manny_01_D.uexp" 194
"D:/CPP/UE5_Projects/ItemsPicker/Content/Characters/Mannequins/Textures/Manny/T_Manny_01_Tan.ubulk" 195
"D:/CPP/UE5_Projects/ItemsPicker/Content/Characters/Mannequins/Textures/Manny/T_Manny_01_Tan.uasset" 196
"D:/CPP/UE5_Projects/ItemsPicker/Content/Characters/Mannequins/Textures/Manny/T_Manny_01_Tan.uexp" 197
"D:/CPP/UE5_Projects/ItemsPicker/Content/Characters/Mannequins/Materials/M_Mannequin.uasset" 198
"D:/CPP/UE5_Projects/ItemsPicker/Content/Characters/Mannequins/Materials/M_Mannequin.uexp" 199
"D:/CPP/UE5_Projects/ItemsPicker/Content/Characters/Mannequins/Textures/Quinn/T_Quinn_01_ASAOMASK_MSK.ubulk" 200
"D:/CPP/UE5_Projects/ItemsPicker/Content/Characters/Mannequins/Textures/Quinn/T_Quinn_01_ASAOMASK_MSK.uasset" 201
"D:/CPP/UE5_Projects/ItemsPicker/Content/Characters/Mannequins/Textures/Quinn/T_Quinn_01_ASAOMASK_MSK.uexp" 202
"D:/CPP/UE5_Projects/ItemsPicker/Content/Characters/Mannequins/Textures/Quinn/T_Quinn_01ID_N.ubulk" 203
"D:/CPP/UE5_Projects/ItemsPicker/Content/Characters/Mannequins/Textures/Quinn/T_Quinn_01ID_N.uasset" 204
"D:/CPP/UE5_Projects/ItemsPicker/Content/Characters/Mannequins/Textures/Quinn/T_Quinn_01ID_N.uexp" 205
"D:/CPP/UE5_Projects/ItemsPicker/Content/Characters/Mannequins/Textures/Quinn/T_Quinn_01ID_BN.ubulk" 206
"D:/CPP/UE5_Projects/ItemsPicker/Content/Characters/Mannequins/Textures/Quinn/T_Quinn_01ID_BN.uasset" 207
"D:/CPP/UE5_Projects/ItemsPicker/Content/Characters/Mannequins/Textures/Quinn/T_Quinn_01ID_BN.uexp" 208
"D:/CPP/UE5_Projects/ItemsPicker/Content/Characters/Mannequins/Textures/Quinn/T_Quinn_01ID_D.ubulk" 209
"D:/CPP/UE5_Projects/ItemsPicker/Content/Characters/Mannequins/Textures/Quinn/T_Quinn_01ID_D.uasset" 210
"D:/CPP/UE5_Projects/ItemsPicker/Content/Characters/Mannequins/Textures/Quinn/T_Quinn_01ID_D.uexp" 211
"D:/CPP/UE5_Projects/ItemsPicker/Content/Characters/Mannequins/Textures/Quinn/T_Quinn_01ID_Tan.ubulk" 212
"D:/CPP/UE5_Projects/ItemsPicker/Content/Characters/Mannequins/Textures/Quinn/T_Quinn_01ID_Tan.uasset" 213
"D:/CPP/UE5_Projects/ItemsPicker/Content/Characters/Mannequins/Textures/Quinn/T_Quinn_01ID_Tan.uexp" 214
"D:/CPP/UE5_Projects/ItemsPicker/Content/Characters/Mannequins/Textures/Quinn/T_Quinn_01_CCRCCPlastic_MSK.ubulk" 215
"D:/CPP/UE5_Projects/ItemsPicker/Content/Characters/Mannequins/Textures/Quinn/T_Quinn_01_CCRCCPlastic_MSK.uasset" 216
"D:/CPP/UE5_Projects/ItemsPicker/Content/Characters/Mannequins/Textures/Quinn/T_Quinn_01_CCRCCPlastic_MSK.uexp" 217
"D:/CPP/UE5_Projects/ItemsPicker/Content/Characters/Mannequins/Materials/Instances/Quinn/MI_Quinn_01.uasset" 218
"D:/CPP/UE5_Projects/ItemsPicker/Content/Characters/Mannequins/Materials/Instances/Quinn/MI_Quinn_01.uexp" 219
"D:/CPP/UE5_Projects/ItemsPicker/Content/Characters/Mannequins/Textures/Quinn/T_Quinn_02ID_N.ubulk" 220
"D:/CPP/UE5_Projects/ItemsPicker/Content/Characters/Mannequins/Textures/Quinn/T_Quinn_02ID_N.uasset" 221
"D:/CPP/UE5_Projects/ItemsPicker/Content/Characters/Mannequins/Textures/Quinn/T_Quinn_02ID_N.uexp" 222
"D:/CPP/UE5_Projects/ItemsPicker/Content/Characters/Mannequins/Materials/Instances/Quinn/MI_Quinn_02.uasset" 223
"D:/CPP/UE5_Projects/ItemsPicker/Content/Characters/Mannequins/Materials/Instances/Quinn/MI_Quinn_02.uexp" 224
"D:/CPP/UE5_Projects/ItemsPicker/Content/Characters/Mannequins/Rigs/PA_Mannequin.uasset" 225
"D:/CPP/UE5_Projects/ItemsPicker/Content/Characters/Mannequins/Rigs/PA_Mannequin.uexp" 226
"D:/CPP/UE5_Projects/ItemsPicker/Content/Characters/Mannequins/Meshes/SKM_Quinn_Simple.uasset" 227
"D:/CPP/UE5_Projects/ItemsPicker/Content/Characters/Mannequins/Meshes/SKM_Quinn_Simple.uexp" 228
"D:/CPP/UE5_Projects/ItemsPicker/Content/Blueprints/BP_PickableParent.uasset" 229
"D:/CPP/UE5_Projects/ItemsPicker/Content/Blueprints/BP_PickableParent.uexp" 230
"D:/CPP/UE5_Projects/ItemsPicker/Content/ThirdPerson/Input/Actions/IA_Jump.uasset" 231
"D:/CPP/UE5_Projects/ItemsPicker/Content/ThirdPerson/Input/Actions/IA_Jump.uexp" 232
"D:/CPP/UE5_Projects/ItemsPicker/Content/ThirdPerson/Input/Actions/IA_Look.uasset" 233
"D:/CPP/UE5_Projects/ItemsPicker/Content/ThirdPerson/Input/Actions/IA_Look.uexp" 234
"D:/CPP/UE5_Projects/ItemsPicker/Content/ThirdPerson/Input/Actions/IA_Move.uasset" 235
"D:/CPP/UE5_Projects/ItemsPicker/Content/ThirdPerson/Input/Actions/IA_Move.uexp" 236
"D:/CPP/UE5_Projects/ItemsPicker/Content/ThirdPerson/Input/IMC_Default.uasset" 237
"D:/CPP/UE5_Projects/ItemsPicker/Content/ThirdPerson/Input/IMC_Default.uexp" 238
"../../../Engine/Content/Animation/DefaultAnimCurveCompressionSettings.uasset" 239
"../../../Engine/Content/Animation/DefaultAnimCurveCompressionSettings.uexp" 240
"../../../Engine/Content/Animation/DefaultAnimBoneCompressionSettings.uasset" 241
"../../../Engine/Content/Animation/DefaultAnimBoneCompressionSettings.uexp" 242
"D:/CPP/UE5_Projects/ItemsPicker/Content/Characters/Mannequins/Animations/Quinn/MF_Run_Fwd.uasset" 243
"D:/CPP/UE5_Projects/ItemsPicker/Content/Characters/Mannequins/Animations/Quinn/MF_Run_Fwd.uexp" 244
"D:/CPP/UE5_Projects/ItemsPicker/Content/Characters/Mannequins/Animations/Quinn/MF_Walk_Fwd.uasset" 245
"D:/CPP/UE5_Projects/ItemsPicker/Content/Characters/Mannequins/Animations/Quinn/MF_Walk_Fwd.uexp" 246
"../../../Engine/Content/Animation/DefaultRecorderBoneCompression.uasset" 247
"../../../Engine/Content/Animation/DefaultRecorderBoneCompression.uexp" 248
"D:/CPP/UE5_Projects/ItemsPicker/Content/Characters/Mannequins/Animations/Manny/MM_Walk_InPlace.uasset" 249
"D:/CPP/UE5_Projects/ItemsPicker/Content/Characters/Mannequins/Animations/Manny/MM_Walk_InPlace.uexp" 250
"D:/CPP/UE5_Projects/ItemsPicker/Content/Characters/Mannequins/Animations/Quinn/BS_MF_Unarmed_WalkRun.uasset" 251
"D:/CPP/UE5_Projects/ItemsPicker/Content/Characters/Mannequins/Animations/Quinn/BS_MF_Unarmed_WalkRun.uexp" 252
"D:/CPP/UE5_Projects/ItemsPicker/Content/Characters/Mannequins/Animations/Quinn/MF_Idle.uasset" 253
"D:/CPP/UE5_Projects/ItemsPicker/Content/Characters/Mannequins/Animations/Quinn/MF_Idle.uexp" 254
"D:/CPP/UE5_Projects/ItemsPicker/Content/Characters/Mannequins/Animations/Manny/MM_Fall_Loop.uasset" 255
"D:/CPP/UE5_Projects/ItemsPicker/Content/Characters/Mannequins/Animations/Manny/MM_Fall_Loop.uexp" 256
"D:/CPP/UE5_Projects/ItemsPicker/Content/Characters/Mannequins/Animations/Manny/MM_Jump.uasset" 257
"D:/CPP/UE5_Projects/ItemsPicker/Content/Characters/Mannequins/Animations/Manny/MM_Jump.uexp" 258
"../../../Engine/Plugins/Animation/ControlRig/Content/Controls/DefaultGizmoLibrary.uasset" 259
"../../../Engine/Plugins/Animation/ControlRig/Content/Controls/DefaultGizmoLibrary.uexp" 260
"D:/CPP/UE5_Projects/ItemsPicker/Content/Characters/Mannequins/Rigs/CR_Mannequin_BasicFootIK.uasset" 261
"D:/CPP/UE5_Projects/ItemsPicker/Content/Characters/Mannequins/Rigs/CR_Mannequin_BasicFootIK.uexp" 262
"D:/CPP/UE5_Projects/ItemsPicker/Content/Characters/Mannequins/Animations/Manny/MM_Run_Fwd.uasset" 263
"D:/CPP/UE5_Projects/ItemsPicker/Content/Characters/Mannequins/Animations/Manny/MM_Run_Fwd.uexp" 264
"D:/CPP/UE5_Projects/ItemsPicker/Content/Characters/Mannequins/Animations/Manny/MM_Walk_Fwd.uasset" 265
"D:/CPP/UE5_Projects/ItemsPicker/Content/Characters/Mannequins/Animations/Manny/MM_Walk_Fwd.uexp" 266
"D:/CPP/UE5_Projects/ItemsPicker/Content/Characters/Mannequins/Animations/Manny/BS_MM_WalkRun.uasset" 267
"D:/CPP/UE5_Projects/ItemsPicker/Content/Characters/Mannequins/Animations/Manny/BS_MM_WalkRun.uexp" 268
"D:/CPP/UE5_Projects/ItemsPicker/Content/Characters/Mannequins/Animations/Manny/MM_Land.uasset" 269
"D:/CPP/UE5_Projects/ItemsPicker/Content/Characters/Mannequins/Animations/Manny/MM_Land.uexp" 270
"D:/CPP/UE5_Projects/ItemsPicker/Content/Characters/Mannequins/Animations/Manny/MM_Idle.uasset" 271
"D:/CPP/UE5_Projects/ItemsPicker/Content/Characters/Mannequins/Animations/Manny/MM_Idle.uexp" 272
"D:/CPP/UE5_Projects/ItemsPicker/Content/Characters/Mannequins/Animations/ABP_Manny.uasset" 273
"D:/CPP/UE5_Projects/ItemsPicker/Content/Characters/Mannequins/Animations/ABP_Manny.uexp" 274
"D:/CPP/UE5_Projects/ItemsPicker/Content/Characters/Mannequins/Animations/ABP_Quinn.uasset" 275
"D:/CPP/UE5_Projects/ItemsPicker/Content/Characters/Mannequins/Animations/ABP_Quinn.uexp" 276
"D:/CPP/UE5_Projects/ItemsPicker/Content/UI/BPW_Instructions.uasset" 277
"D:/CPP/UE5_Projects/ItemsPicker/Content/UI/BPW_Instructions.uexp" 278
"D:/CPP/UE5_Projects/ItemsPicker/Content/Blueprints/BP_Player.uasset" 279
"D:/CPP/UE5_Projects/ItemsPicker/Content/Blueprints/BP_Player.uexp" 280
"D:/CPP/UE5_Projects/ItemsPicker/Content/ThirdPerson/Blueprints/BP_ThirdPersonCharacter.uasset" 281
"D:/CPP/UE5_Projects/ItemsPicker/Content/ThirdPerson/Blueprints/BP_ThirdPersonCharacter.uexp" 282
"D:/CPP/UE5_Projects/ItemsPicker/Content/ThirdPerson/Blueprints/BP_ThirdPersonGameMode.uasset" 283
"D:/CPP/UE5_Projects/ItemsPicker/Content/ThirdPerson/Blueprints/BP_ThirdPersonGameMode.uexp" 284
"D:/CPP/UE5_Projects/ItemsPicker/Content/Blueprints/ItemsPicking_GameMode.uasset" 285
"D:/CPP/UE5_Projects/ItemsPicker/Content/Blueprints/ItemsPicking_GameMode.uexp" 286
"D:/CPP/UE5_Projects/ItemsPicker/Content/LevelPrototyping/Textures/T_GridChecker_A.ubulk" 287
"D:/CPP/UE5_Projects/ItemsPicker/Content/LevelPrototyping/Textures/T_GridChecker_A.uasset" 288
"D:/CPP/UE5_Projects/ItemsPicker/Content/LevelPrototyping/Textures/T_GridChecker_A.uexp" 289
"../../../Engine/Content/Functions/Engine_MaterialFunctions02/Utility/MakeFloat3.uasset" 290
"../../../Engine/Content/Functions/Engine_MaterialFunctions02/Utility/MakeFloat3.uexp" 291
"../../../Engine/Content/Functions/Engine_MaterialFunctions01/Gradient/LinearGradient.uasset" 292
"../../../Engine/Content/Functions/Engine_MaterialFunctions01/Gradient/LinearGradient.uexp" 293
"../../../Engine/Content/Functions/Engine_MaterialFunctions01/ImageAdjustment/CheapContrast.uasset" 294
"../../../Engine/Content/Functions/Engine_MaterialFunctions01/ImageAdjustment/CheapContrast.uexp" 295
"../../../Engine/Content/Functions/Engine_MaterialFunctions02/Utility/BreakOutFloat3Components.uasset" 296
"../../../Engine/Content/Functions/Engine_MaterialFunctions02/Utility/BreakOutFloat3Components.uexp" 297
"D:/CPP/UE5_Projects/ItemsPicker/Content/LevelPrototyping/Materials/MF_ProcGrid.uasset" 298
"D:/CPP/UE5_Projects/ItemsPicker/Content/LevelPrototyping/Materials/MF_ProcGrid.uexp" 299
"D:/CPP/UE5_Projects/ItemsPicker/Content/LevelPrototyping/Materials/M_PrototypeGrid.uasset" 300
"D:/CPP/UE5_Projects/ItemsPicker/Content/LevelPrototyping/Materials/M_PrototypeGrid.uexp" 301
"D:/CPP/UE5_Projects/ItemsPicker/Content/LevelPrototyping/Materials/MI_PrototypeGrid_Gray.uasset" 302
"D:/CPP/UE5_Projects/ItemsPicker/Content/LevelPrototyping/Materials/MI_PrototypeGrid_Gray.uexp" 303
"D:/CPP/UE5_Projects/ItemsPicker/Content/LevelPrototyping/Meshes/SM_Cube.ubulk" 304
"D:/CPP/UE5_Projects/ItemsPicker/Content/LevelPrototyping/Meshes/SM_Cube.uasset" 305
"D:/CPP/UE5_Projects/ItemsPicker/Content/LevelPrototyping/Meshes/SM_Cube.uexp" 306
"D:/CPP/UE5_Projects/ItemsPicker/Content/Blueprints/BP_Floor.uasset" 307
"D:/CPP/UE5_Projects/ItemsPicker/Content/Blueprints/BP_Floor.uexp" 308
"D:/CPP/UE5_Projects/ItemsPicker/Content/Icons/BallY.uasset" 309
"D:/CPP/UE5_Projects/ItemsPicker/Content/Icons/BallY.uexp" 310
"../../../Engine/Content/VREditor/BasicMeshes/T_CleanFloorGrunge_01_D.ubulk" 311
"../../../Engine/Content/VREditor/BasicMeshes/T_CleanFloorGrunge_01_D.uasset" 312
"../../../Engine/Content/VREditor/BasicMeshes/T_CleanFloorGrunge_01_D.uexp" 313
"../../../Engine/Content/VREditor/BasicMeshes/M_Floor_01.uasset" 314
"../../../Engine/Content/VREditor/BasicMeshes/M_Floor_01.uexp" 315
"../../../Engine/Content/VREditor/BasicMeshes/MI_Cube_01.uasset" 316
"../../../Engine/Content/VREditor/BasicMeshes/MI_Cube_01.uexp" 317
"../../../Engine/Content/VREditor/BasicMeshes/MI_Ball_01.uasset" 318
"../../../Engine/Content/VREditor/BasicMeshes/MI_Ball_01.uexp" 319
"../../../Engine/Content/VREditor/BasicMeshes/SM_Ball_01.ubulk" 320
"../../../Engine/Content/VREditor/BasicMeshes/SM_Ball_01.uasset" 321
"../../../Engine/Content/VREditor/BasicMeshes/SM_Ball_01.uexp" 322
"D:/CPP/UE5_Projects/ItemsPicker/Content/Blueprints/BP_Ball.uasset" 323
"D:/CPP/UE5_Projects/ItemsPicker/Content/Blueprints/BP_Ball.uexp" 324
"../../../Engine/Content/EngineMaterials/DefaultMaterial.uasset" 325
"../../../Engine/Content/EngineMaterials/DefaultMaterial.uexp" 326
"../../../Engine/Content/BasicShapes/Sphere.ubulk" 327
"../../../Engine/Content/BasicShapes/Sphere.uasset" 328
"../../../Engine/Content/BasicShapes/Sphere.uexp" 329
"../../../Engine/Content/BasicShapes/Plane.ubulk" 330
"../../../Engine/Content/BasicShapes/Plane.uasset" 331
"../../../Engine/Content/BasicShapes/Plane.uexp" 332
"../../../Engine/Content/BasicShapes/Cylinder.ubulk" 333
"../../../Engine/Content/BasicShapes/Cylinder.uasset" 334
"../../../Engine/Content/BasicShapes/Cylinder.uexp" 335
"../../../Engine/Content/BasicShapes/Cube.ubulk" 336
"../../../Engine/Content/BasicShapes/Cube.uasset" 337
"../../../Engine/Content/BasicShapes/Cube.uexp" 338
"../../../Engine/Content/BasicShapes/Cone.ubulk" 339
"../../../Engine/Content/BasicShapes/Cone.uasset" 340
"../../../Engine/Content/BasicShapes/Cone.uexp" 341
"../../../Engine/Content/EngineSounds/Master.uasset" 342
"../../../Engine/Content/EngineSounds/Master.uexp" 343
"../../../Engine/Content/EngineSky/T_Sky_Stars.ubulk" 344
"../../../Engine/Content/EngineSky/T_Sky_Stars.uasset" 345
"../../../Engine/Content/EngineSky/T_Sky_Stars.uexp" 346
"../../../Engine/Content/EngineSky/T_Sky_Clouds_M.ubulk" 347
"../../../Engine/Content/EngineSky/T_Sky_Clouds_M.uasset" 348
"../../../Engine/Content/EngineSky/T_Sky_Clouds_M.uexp" 349
"../../../Engine/Content/EngineSky/T_Sky_Blue.ubulk" 350
"../../../Engine/Content/EngineSky/T_Sky_Blue.uasset" 351
"../../../Engine/Content/EngineSky/T_Sky_Blue.uexp" 352
"../../../Engine/Content/EngineSky/M_Sky_Panning_Clouds2.uasset" 353
"../../../Engine/Content/EngineSky/M_Sky_Panning_Clouds2.uexp" 354
"../../../Engine/Content/EngineSky/SM_SkySphere.ubulk" 355
"../../../Engine/Content/EngineSky/SM_SkySphere.uasset" 356
"../../../Engine/Content/EngineSky/SM_SkySphere.uexp" 357
"../../../Engine/Content/EngineSky/M_SimpleSkyDome.uasset" 358
"../../../Engine/Content/EngineSky/M_SimpleSkyDome.uexp" 359
"../../../Engine/Content/EngineSky/VolumetricClouds/CloudWeatherTexture.uasset" 360
"../../../Engine/Content/EngineSky/VolumetricClouds/CloudWeatherTexture.uexp" 361
"../../../Engine/Content/Functions/Engine_MaterialFunctions02/Utility/MakeFloat2.uasset" 362
"../../../Engine/Content/Functions/Engine_MaterialFunctions02/Utility/MakeFloat2.uexp" 363
"../../../Engine/Content/EngineSky/VolumetricClouds/CloudGradientTexture.uasset" 364
"../../../Engine/Content/EngineSky/VolumetricClouds/CloudGradientTexture.uexp" 365
"../../../Engine/Content/EngineSky/VolumetricClouds/T_NoiseShape64.ubulk" 366
"../../../Engine/Content/EngineSky/VolumetricClouds/T_NoiseShape64.uasset" 367
"../../../Engine/Content/EngineSky/VolumetricClouds/T_NoiseShape64.uexp" 368
"../../../Engine/Content/EngineSky/VolumetricClouds/T_VolumeNoiseShape64.uasset" 369
"../../../Engine/Content/EngineSky/VolumetricClouds/T_VolumeNoiseShape64.uexp" 370
"../../../Engine/Content/EngineSky/VolumetricClouds/T_NoiseErosion.ubulk" 371
"../../../Engine/Content/EngineSky/VolumetricClouds/T_NoiseErosion.uasset" 372
"../../../Engine/Content/EngineSky/VolumetricClouds/T_NoiseErosion.uexp" 373
"../../../Engine/Content/EngineSky/VolumetricClouds/T_VolumeNoiseErosion32.uasset" 374
"../../../Engine/Content/EngineSky/VolumetricClouds/T_VolumeNoiseErosion32.uexp" 375
"../../../Engine/Content/EngineSky/VolumetricClouds/m_SimpleVolumetricCloud.uasset" 376
"../../../Engine/Content/EngineSky/VolumetricClouds/m_SimpleVolumetricCloud.uexp" 377
"../../../Engine/Content/EngineSky/VolumetricClouds/m_SimpleVolumetricCloud_Inst.uasset" 378
"../../../Engine/Content/EngineSky/VolumetricClouds/m_SimpleVolumetricCloud_Inst.uexp" 379
"../../../Engine/Content/EngineResources/FilmGrains/Marcie_Grain_v3_128_M2_000.uasset" 380
"../../../Engine/Content/EngineResources/FilmGrains/Marcie_Grain_v3_128_M2_000.uexp" 381
"../../../Engine/Content/EngineResources/WhiteSquareTexture.uasset" 382
"../../../Engine/Content/EngineResources/WhiteSquareTexture.uexp" 383
"../../../Engine/Content/EngineMaterials/Widget3DPassThrough.uasset" 384
"../../../Engine/Content/EngineMaterials/Widget3DPassThrough.uexp" 385
"../../../Engine/Content/EngineMaterials/Widget3DPassThrough_Translucent.uasset" 386
"../../../Engine/Content/EngineMaterials/Widget3DPassThrough_Translucent.uexp" 387
"../../../Engine/Content/EngineMaterials/Widget3DPassThrough_Translucent_OneSided.uasset" 388
"../../../Engine/Content/EngineMaterials/Widget3DPassThrough_Translucent_OneSided.uexp" 389
"../../../Engine/Content/EngineMaterials/Widget3DPassThrough_Opaque.uasset" 390
"../../../Engine/Content/EngineMaterials/Widget3DPassThrough_Opaque.uexp" 391
"../../../Engine/Content/EngineMaterials/Widget3DPassThrough_Opaque_OneSided.uasset" 392
"../../../Engine/Content/EngineMaterials/Widget3DPassThrough_Opaque_OneSided.uexp" 393
"../../../Engine/Content/EngineMaterials/Widget3DPassThrough_Masked_OneSided.uasset" 394
"../../../Engine/Content/EngineMaterials/Widget3DPassThrough_Masked_OneSided.uexp" 395
"../../../Engine/Content/EngineMaterials/Widget3DPassThrough_Masked.uasset" 396
"../../../Engine/Content/EngineMaterials/Widget3DPassThrough_Masked.uexp" 397
"../../../Engine/Plugins/Runtime/MeshModelingToolset/Content/Materials/M_DynamicMeshComponentVtxColor.uasset" 398
"../../../Engine/Plugins/Runtime/MeshModelingToolset/Content/Materials/M_DynamicMeshComponentVtxColor.uexp" 399
"../../../Engine/Content/EngineMaterials/STBlueNoise_vec2_128x128x64.uasset" 400
"../../../Engine/Content/EngineMaterials/STBlueNoise_vec2_128x128x64.uexp" 401
"../../../Engine/Content/EngineMaterials/STBlueNoise_scalar_128x128x64.uasset" 402
"../../../Engine/Content/EngineMaterials/STBlueNoise_scalar_128x128x64.uexp" 403
"../../../Engine/Content/EngineMaterials/RemoveSurfaceMaterial.uasset" 404
"../../../Engine/Content/EngineMaterials/RemoveSurfaceMaterial.uexp" 405
"../../../Engine/Content/EngineMaterials/DefaultCalibrationGrayscale.uasset" 406
"../../../Engine/Content/EngineMaterials/DefaultCalibrationGrayscale.uexp" 407
"../../../Engine/Content/EngineMaterials/PPM_DefaultCalibrationGrayscale.uasset" 408
"../../../Engine/Content/EngineMaterials/PPM_DefaultCalibrationGrayscale.uexp" 409
"../../../Engine/Content/EngineMaterials/DefaultCalibrationColor.uasset" 410
"../../../Engine/Content/EngineMaterials/DefaultCalibrationColor.uexp" 411
"../../../Engine/Content/EngineMaterials/PPM_DefaultCalibrationColor.uasset" 412
"../../../Engine/Content/EngineMaterials/PPM_DefaultCalibrationColor.uexp" 413
"../../../Engine/Content/Functions/Engine_MaterialFunctions02/WorldPositionOffset/CameraOffset.uasset" 414
"../../../Engine/Content/Functions/Engine_MaterialFunctions02/WorldPositionOffset/CameraOffset.uexp" 415
"../../../Engine/Content/EngineMaterials/PhAT_JointLimitMaterial.uasset" 416
"../../../Engine/Content/EngineMaterials/PhAT_JointLimitMaterial.uexp" 417
"../../../Engine/Content/EngineMaterials/InvalidLightmapSettings.ubulk" 418
"../../../Engine/Content/EngineMaterials/InvalidLightmapSettings.uasset" 419
"../../../Engine/Content/EngineMaterials/InvalidLightmapSettings.uexp" 420
"../../../Engine/Content/EngineMaterials/M_InvalidLightmapSettings.uasset" 421
"../../../Engine/Content/EngineMaterials/M_InvalidLightmapSettings.uexp" 422
"../../../Engine/Content/EngineMaterials/GizmoMaterial.uasset" 423
"../../../Engine/Content/EngineMaterials/GizmoMaterial.uexp" 424
"../../../Engine/Content/EngineMaterials/BaseFlattenEmissiveMap_VT.uasset" 425
"../../../Engine/Content/EngineMaterials/BaseFlattenEmissiveMap_VT.uexp" 426
"../../../Engine/Content/EngineMaterials/BaseFlattenGrayscaleMap_VT.uasset" 427
"../../../Engine/Content/EngineMaterials/BaseFlattenGrayscaleMap_VT.uexp" 428
"../../../Engine/Content/EngineMaterials/BaseFlattenLinearColor_VT.uasset" 429
"../../../Engine/Content/EngineMaterials/BaseFlattenLinearColor_VT.uexp" 430
"../../../Engine/Content/EngineMaterials/Black_1x1_EXR_Texture_VT.uasset" 431
"../../../Engine/Content/EngineMaterials/Black_1x1_EXR_Texture_VT.uexp" 432
"../../../Engine/Content/EngineMaterials/BaseFlattenDiffuseMap_VT.uasset" 433
"../../../Engine/Content/EngineMaterials/BaseFlattenDiffuseMap_VT.uexp" 434
"../../../Engine/Content/EngineMaterials/BaseFlattenNormalMap_VT.uasset" 435
"../../../Engine/Content/EngineMaterials/BaseFlattenNormalMap_VT.uexp" 436
"../../../Engine/Content/EngineMaterials/FlattenMaterial_WS_Normal_VT.uasset" 437
"../../../Engine/Content/EngineMaterials/FlattenMaterial_WS_Normal_VT.uexp" 438
"../../../Engine/Content/EngineMaterials/FlattenMaterial_VT.uasset" 439
"../../../Engine/Content/EngineMaterials/FlattenMaterial_VT.uexp" 440
"../../../Engine/Content/EngineMaterials/BaseFlattenNormalMap.uasset" 441
"../../../Engine/Content/EngineMaterials/BaseFlattenNormalMap.uexp" 442
"../../../Engine/Content/EngineMaterials/BaseFlattenGrayscaleMap.uasset" 443
"../../../Engine/Content/EngineMaterials/BaseFlattenGrayscaleMap.uexp" 444
"../../../Engine/Content/EngineMaterials/BaseFlattenDiffuseMap.uasset" 445
"../../../Engine/Content/EngineMaterials/BaseFlattenDiffuseMap.uexp" 446
"../../../Engine/Content/Functions/Engine_MaterialFunctions02/PivotPainter2/Black_1x1_EXR_Texture.uasset" 447
"../../../Engine/Content/Functions/Engine_MaterialFunctions02/PivotPainter2/Black_1x1_EXR_Texture.uexp" 448
"../../../Engine/Content/EngineMaterials/BaseFlattenEmissiveMap.uasset" 449
"../../../Engine/Content/EngineMaterials/BaseFlattenEmissiveMap.uexp" 450
"../../../Engine/Content/EngineMaterials/BaseFlattenLinearColor.uasset" 451
"../../../Engine/Content/EngineMaterials/BaseFlattenLinearColor.uexp" 452
"../../../Engine/Content/EngineMaterials/FlattenMaterial.uasset" 453
"../../../Engine/Content/EngineMaterials/FlattenMaterial.uexp" 454
"../../../Engine/Content/EngineMaterials/DefaultWhiteGrid_Low.uasset" 455
"../../../Engine/Content/EngineMaterials/DefaultWhiteGrid_Low.uexp" 456
"../../../Engine/Content/EngineMaterials/EmissiveMeshMaterial.uasset" 457
"../../../Engine/Content/EngineMaterials/EmissiveMeshMaterial.uexp" 458
"../../../Engine/Content/EngineFonts/RobotoDistanceField.uasset" 459
"../../../Engine/Content/EngineFonts/RobotoDistanceField.uexp" 460
"../../../Engine/Content/EngineMaterials/DefaultTextMaterialOpaque.uasset" 461
"../../../Engine/Content/EngineMaterials/DefaultTextMaterialOpaque.uexp" 462
"../../../Engine/Content/EngineMaterials/DefaultDiffuse.ubulk" 463
"../../../Engine/Content/EngineMaterials/DefaultDiffuse.uasset" 464
"../../../Engine/Content/EngineMaterials/DefaultDiffuse.uexp" 465
"../../../Engine/Content/EngineMaterials/DefaultPostProcessMaterial.uasset" 466
"../../../Engine/Content/EngineMaterials/DefaultPostProcessMaterial.uexp" 467
"../../../Engine/Content/EngineMaterials/DefaultPhysicalMaterial.uasset" 468
"../../../Engine/Content/EngineMaterials/DefaultPhysicalMaterial.uexp" 469
"../../../Engine/Content/EngineMaterials/DefaultLightFunctionMaterial.uasset" 470
"../../../Engine/Content/EngineMaterials/DefaultLightFunctionMaterial.uexp" 471
"../../../Engine/Content/EngineMaterials/DefaultDestructiblePhysicalMaterial.uasset" 472
"../../../Engine/Content/EngineMaterials/DefaultDestructiblePhysicalMaterial.uexp" 473
"../../../Engine/Content/EngineMaterials/DefaultDeferredDecalMaterial.uasset" 474
"../../../Engine/Content/EngineMaterials/DefaultDeferredDecalMaterial.uexp" 475
"../../../Engine/Content/EngineMaterials/DefaultBloomKernel.uasset" 476
"../../../Engine/Content/EngineMaterials/DefaultBloomKernel.uexp" 477
"../../../Engine/Content/EngineFonts/Faces/RobotoLight.uexp" 478
"../../../Engine/Content/EngineFonts/Faces/RobotoLight.uasset" 479
"../../../Engine/Content/EngineFonts/Faces/RobotoLight.ufont" 480
"../../../Engine/Content/EngineFonts/Faces/RobotoBold.uexp" 481
"../../../Engine/Content/EngineFonts/Faces/RobotoBold.uasset" 482
"../../../Engine/Content/EngineFonts/Faces/RobotoBold.ufont" 483
"../../../Engine/Content/EngineFonts/Faces/RobotoRegular.uexp" 484
"../../../Engine/Content/EngineFonts/Faces/RobotoRegular.uasset" 485
"../../../Engine/Content/EngineFonts/Faces/RobotoRegular.ufont" 486
"../../../Engine/Content/EngineFonts/Faces/DroidSansFallback.uexp" 487
"../../../Engine/Content/EngineFonts/Faces/DroidSansFallback.uasset" 488
"../../../Engine/Content/EngineFonts/Faces/DroidSansFallback.ufont" 489
"../../../Engine/Content/EngineFonts/Faces/RobotoItalic.uexp" 490
"../../../Engine/Content/EngineFonts/Faces/RobotoItalic.uasset" 491
"../../../Engine/Content/EngineFonts/Faces/RobotoItalic.ufont" 492
"../../../Engine/Content/EngineFonts/Faces/RobotoBoldItalic.uexp" 493
"../../../Engine/Content/EngineFonts/Faces/RobotoBoldItalic.uasset" 494
"../../../Engine/Content/EngineFonts/Faces/RobotoBoldItalic.ufont" 495
"../../../Engine/Content/EngineFonts/Roboto.uasset" 496
"../../../Engine/Content/EngineFonts/Roboto.uexp" 497
"../../../Engine/Content/Functions/Engine_MaterialFunctions02/Utility/CameraDirectionVector.uasset" 498
"../../../Engine/Content/Functions/Engine_MaterialFunctions02/Utility/CameraDirectionVector.uexp" 499
"../../../Engine/Content/EngineDebugMaterials/VolumeToRender.uasset" 500
"../../../Engine/Content/EngineDebugMaterials/VolumeToRender.uexp" 501
"../../../Engine/Content/EngineDebugMaterials/M_VolumeRenderSphereTracePP.uasset" 502
"../../../Engine/Content/EngineDebugMaterials/M_VolumeRenderSphereTracePP.uexp" 503
"../../../Engine/Content/EngineDebugMaterials/M_SimpleUnlitTranslucent.uasset" 504
"../../../Engine/Content/EngineDebugMaterials/M_SimpleUnlitTranslucent.uexp" 505
"../../../Engine/Content/EngineDebugMaterials/DebugMeshMaterial.uasset" 506
"../../../Engine/Content/EngineDebugMaterials/DebugMeshMaterial.uexp" 507
"../../../Engine/Content/EngineDebugMaterials/DebugEditorMaterial.uasset" 508
"../../../Engine/Content/EngineDebugMaterials/DebugEditorMaterial.uexp" 509
"../../../Engine/Content/EngineDamageTypes/DmgTypeBP_Environmental.uasset" 510
"../../../Engine/Content/EngineDamageTypes/DmgTypeBP_Environmental.uexp" 511
"../../../Engine/Content/EditorResources/S_Terrain.ubulk" 512
"../../../Engine/Content/EditorResources/S_Terrain.uasset" 513
"../../../Engine/Content/EditorResources/S_Terrain.uexp" 514
"../../../Engine/Content/EditorResources/EmptyActor.uasset" 515
"../../../Engine/Content/EditorResources/EmptyActor.uexp" 516
"../../../Engine/Content/EditorResources/BSPVertex.uasset" 517
"../../../Engine/Content/EditorResources/BSPVertex.uexp" 518
"../../../Engine/Content/EditorResources/SequenceRecorder/RecordingIndicator.uasset" 519
"../../../Engine/Content/EditorResources/SequenceRecorder/RecordingIndicator.uexp" 520
"../../../Engine/Content/EditorResources/SequenceRecorder/Countdown.uasset" 521
"../../../Engine/Content/EditorResources/SequenceRecorder/Countdown.uexp" 522
"../../../Engine/Content/EditorMaterials/PreviewShadowIndicator.ubulk" 523
"../../../Engine/Content/EditorMaterials/PreviewShadowIndicator.uasset" 524
"../../../Engine/Content/EditorMaterials/PreviewShadowIndicator.uexp" 525
"../../../Engine/Content/EditorMaterials/PreviewShadowIndicatorMaterial.uasset" 526
"../../../Engine/Content/EditorMaterials/PreviewShadowIndicatorMaterial.uexp" 527
"../../../Engine/Content/EditorMaterials/PhAT_UnselectedMaterial.uasset" 528
"../../../Engine/Content/EditorMaterials/PhAT_UnselectedMaterial.uexp" 529
"../../../Engine/Content/EditorMaterials/PhAT_NoCollisionMaterial.uasset" 530
"../../../Engine/Content/EditorMaterials/PhAT_NoCollisionMaterial.uexp" 531
"../../../Engine/Content/Functions/Engine_MaterialFunctions02/Utility/MakeFloat4.uasset" 532
"../../../Engine/Content/Functions/Engine_MaterialFunctions02/Utility/MakeFloat4.uexp" 533
"../../../Engine/Content/EditorMaterials/WorldPartition/WorldPartitionSpatialHashGridPreviewMaterial.uasset" 534
"../../../Engine/Content/EditorMaterials/WorldPartition/WorldPartitionSpatialHashGridPreviewMaterial.uexp" 535
"../../../Engine/Content/EditorLandscapeResources/DefaultAlphaTexture.uasset" 536
"../../../Engine/Content/EditorLandscapeResources/DefaultAlphaTexture.uexp" 537
"../../../Engine/Content/EditorLandscapeResources/DataLayer.uasset" 538
"../../../Engine/Content/EditorLandscapeResources/DataLayer.uexp" 539
"../../../Engine/Content/Functions/Engine_MaterialFunctions01/Shading/PowerToRoughness.uasset" 540
"../../../Engine/Content/Functions/Engine_MaterialFunctions01/Shading/PowerToRoughness.uexp" 541
"../../../Engine/Content/Maps/Templates/HLODs/HLODLayer_Merged.uasset" 542
"../../../Engine/Content/Maps/Templates/HLODs/HLODLayer_Merged.uexp" 543
"../../../Engine/Content/MobileResources/HUD/VirtualJoystick_Background.uasset" 544
"../../../Engine/Content/MobileResources/HUD/VirtualJoystick_Background.uexp" 545
"../../../Engine/Content/MobileResources/HUD/VirtualJoystick_Thumb.uasset" 546
"../../../Engine/Content/MobileResources/HUD/VirtualJoystick_Thumb.uexp" 547
"../../../Engine/Content/MobileResources/HUD/DefaultVirtualJoysticks.uasset" 548
"../../../Engine/Content/MobileResources/HUD/DefaultVirtualJoysticks.uexp" 549
"../../../Engine/Plugins/2D/Paper2D/Content/PlaceholderTextures/DummySpriteTexture.ubulk" 550
"../../../Engine/Plugins/2D/Paper2D/Content/PlaceholderTextures/DummySpriteTexture.uasset" 551
"../../../Engine/Plugins/2D/Paper2D/Content/PlaceholderTextures/DummySpriteTexture.uexp" 552
"../../../Engine/Plugins/2D/Paper2D/Content/DefaultSpriteMaterial.uasset" 553
"../../../Engine/Plugins/2D/Paper2D/Content/DefaultSpriteMaterial.uexp" 554
"../../../Engine/Plugins/2D/Paper2D/Content/OpaqueUnlitSpriteMaterial.uasset" 555
"../../../Engine/Plugins/2D/Paper2D/Content/OpaqueUnlitSpriteMaterial.uexp" 556
"../../../Engine/Plugins/2D/Paper2D/Content/MaskedUnlitSpriteMaterial.uasset" 557
"../../../Engine/Plugins/2D/Paper2D/Content/MaskedUnlitSpriteMaterial.uexp" 558
"../../../Engine/Plugins/2D/Paper2D/Content/DummySprite.uasset" 559
"../../../Engine/Plugins/2D/Paper2D/Content/DummySprite.uexp" 560
"../../../Engine/Plugins/2D/Paper2D/Content/DefaultPaperTerrainMaterial.uasset" 561
"../../../Engine/Plugins/2D/Paper2D/Content/DefaultPaperTerrainMaterial.uexp" 562
"../../../Engine/Plugins/Animation/ControlRig/Content/M_Manip.uasset" 563
"../../../Engine/Plugins/Animation/ControlRig/Content/M_Manip.uexp" 564
"../../../Engine/Plugins/Animation/ControlRig/Content/Controls/DefaultGizmoLibraryNormalized.uasset" 565
"../../../Engine/Plugins/Animation/ControlRig/Content/Controls/DefaultGizmoLibraryNormalized.uexp" 566
"../../../Engine/Plugins/Animation/ControlRig/Content/Controls/ControlRig_Wedge_solid.ubulk" 567
"../../../Engine/Plugins/Animation/ControlRig/Content/Controls/ControlRig_Wedge_solid.uasset" 568
"../../../Engine/Plugins/Animation/ControlRig/Content/Controls/ControlRig_Wedge_solid.uexp" 569
"../../../Engine/Plugins/Animation/ControlRig/Content/Controls/ControlRig_Wedge_3mm.ubulk" 570
"../../../Engine/Plugins/Animation/ControlRig/Content/Controls/ControlRig_Wedge_3mm.uasset" 571
"../../../Engine/Plugins/Animation/ControlRig/Content/Controls/ControlRig_Wedge_3mm.uexp" 572
"../../../Engine/Plugins/Animation/ControlRig/Content/Controls/ControlRig_Wedge_1mm.ubulk" 573
"../../../Engine/Plugins/Animation/ControlRig/Content/Controls/ControlRig_Wedge_1mm.uasset" 574
"../../../Engine/Plugins/Animation/ControlRig/Content/Controls/ControlRig_Wedge_1mm.uexp" 575
"../../../Engine/Plugins/Animation/ControlRig/Content/Controls/ControlRig_Triangle_solid.ubulk" 576
"../../../Engine/Plugins/Animation/ControlRig/Content/Controls/ControlRig_Triangle_solid.uasset" 577
"../../../Engine/Plugins/Animation/ControlRig/Content/Controls/ControlRig_Triangle_solid.uexp" 578
"../../../Engine/Plugins/Animation/ControlRig/Content/Controls/ControlRig_Triangle_3mm.ubulk" 579
"../../../Engine/Plugins/Animation/ControlRig/Content/Controls/ControlRig_Triangle_3mm.uasset" 580
"../../../Engine/Plugins/Animation/ControlRig/Content/Controls/ControlRig_Triangle_3mm.uexp" 581
"../../../Engine/Plugins/Animation/ControlRig/Content/Controls/ControlRig_Triangle_1mm.ubulk" 582
"../../../Engine/Plugins/Animation/ControlRig/Content/Controls/ControlRig_Triangle_1mm.uasset" 583
"../../../Engine/Plugins/Animation/ControlRig/Content/Controls/ControlRig_Triangle_1mm.uexp" 584
"../../../Engine/Plugins/Animation/ControlRig/Content/Controls/ControlRig_Star4_solid.ubulk" 585
"../../../Engine/Plugins/Animation/ControlRig/Content/Controls/ControlRig_Star4_solid.uasset" 586
"../../../Engine/Plugins/Animation/ControlRig/Content/Controls/ControlRig_Star4_solid.uexp" 587
"../../../Engine/Plugins/Animation/ControlRig/Content/Controls/ControlRig_Star4_3mm.ubulk" 588
"../../../Engine/Plugins/Animation/ControlRig/Content/Controls/ControlRig_Star4_3mm.uasset" 589
"../../../Engine/Plugins/Animation/ControlRig/Content/Controls/ControlRig_Star4_3mm.uexp" 590
"../../../Engine/Plugins/Animation/ControlRig/Content/Controls/ControlRig_Star4_1mm.ubulk" 591
"../../../Engine/Plugins/Animation/ControlRig/Content/Controls/ControlRig_Star4_1mm.uasset" 592
"../../../Engine/Plugins/Animation/ControlRig/Content/Controls/ControlRig_Star4_1mm.uexp" 593
"../../../Engine/Plugins/Animation/ControlRig/Content/Controls/ControlRig_Square_solid.ubulk" 594
"../../../Engine/Plugins/Animation/ControlRig/Content/Controls/ControlRig_Square_solid.uasset" 595
"../../../Engine/Plugins/Animation/ControlRig/Content/Controls/ControlRig_Square_solid.uexp" 596
"../../../Engine/Plugins/Animation/ControlRig/Content/Controls/ControlRig_Square_3mm.ubulk" 597
"../../../Engine/Plugins/Animation/ControlRig/Content/Controls/ControlRig_Square_3mm.uasset" 598
"../../../Engine/Plugins/Animation/ControlRig/Content/Controls/ControlRig_Square_3mm.uexp" 599
"../../../Engine/Plugins/Animation/ControlRig/Content/Controls/ControlRig_Square_1mm.ubulk" 600
"../../../Engine/Plugins/Animation/ControlRig/Content/Controls/ControlRig_Square_1mm.uasset" 601
"../../../Engine/Plugins/Animation/ControlRig/Content/Controls/ControlRig_Square_1mm.uexp" 602
"../../../Engine/Plugins/Animation/ControlRig/Content/Controls/ControlRig_Sphere_solid.ubulk" 603
"../../../Engine/Plugins/Animation/ControlRig/Content/Controls/ControlRig_Sphere_solid.uasset" 604
"../../../Engine/Plugins/Animation/ControlRig/Content/Controls/ControlRig_Sphere_solid.uexp" 605
"../../../Engine/Plugins/Animation/ControlRig/Content/Controls/ControlRig_Sphere_3mm.ubulk" 606
"../../../Engine/Plugins/Animation/ControlRig/Content/Controls/ControlRig_Sphere_3mm.uasset" 607
"../../../Engine/Plugins/Animation/ControlRig/Content/Controls/ControlRig_Sphere_3mm.uexp" 608
"../../../Engine/Plugins/Animation/ControlRig/Content/Controls/ControlRig_Sphere_1mm.ubulk" 609
"../../../Engine/Plugins/Animation/ControlRig/Content/Controls/ControlRig_Sphere_1mm.uasset" 610
"../../../Engine/Plugins/Animation/ControlRig/Content/Controls/ControlRig_Sphere_1mm.uexp" 611
"../../../Engine/Plugins/Animation/ControlRig/Content/Controls/ControlRig_RoundedTriangle_solid.ubulk" 612
"../../../Engine/Plugins/Animation/ControlRig/Content/Controls/ControlRig_RoundedTriangle_solid.uasset" 613
"../../../Engine/Plugins/Animation/ControlRig/Content/Controls/ControlRig_RoundedTriangle_solid.uexp" 614
"../../../Engine/Plugins/Animation/ControlRig/Content/Controls/ControlRig_RoundedTriangle_3mm.ubulk" 615
"../../../Engine/Plugins/Animation/ControlRig/Content/Controls/ControlRig_RoundedTriangle_3mm.uasset" 616
"../../../Engine/Plugins/Animation/ControlRig/Content/Controls/ControlRig_RoundedTriangle_3mm.uexp" 617
"../../../Engine/Plugins/Animation/ControlRig/Content/Controls/ControlRig_RoundedTriangle_1mm.ubulk" 618
"../../../Engine/Plugins/Animation/ControlRig/Content/Controls/ControlRig_RoundedTriangle_1mm.uasset" 619
"../../../Engine/Plugins/Animation/ControlRig/Content/Controls/ControlRig_RoundedTriangle_1mm.uexp" 620
"../../../Engine/Plugins/Animation/ControlRig/Content/Controls/ControlRig_RoundedSquare_solid.ubulk" 621
"../../../Engine/Plugins/Animation/ControlRig/Content/Controls/ControlRig_RoundedSquare_solid.uasset" 622
"../../../Engine/Plugins/Animation/ControlRig/Content/Controls/ControlRig_RoundedSquare_solid.uexp" 623
"../../../Engine/Plugins/Animation/ControlRig/Content/Controls/ControlRig_RoundedSquare_3mm.ubulk" 624
"../../../Engine/Plugins/Animation/ControlRig/Content/Controls/ControlRig_RoundedSquare_3mm.uasset" 625
"../../../Engine/Plugins/Animation/ControlRig/Content/Controls/ControlRig_RoundedSquare_3mm.uexp" 626
"../../../Engine/Plugins/Animation/ControlRig/Content/Controls/ControlRig_RoundedSquare_1mm.ubulk" 627
"../../../Engine/Plugins/Animation/ControlRig/Content/Controls/ControlRig_RoundedSquare_1mm.uasset" 628
"../../../Engine/Plugins/Animation/ControlRig/Content/Controls/ControlRig_RoundedSquare_1mm.uexp" 629
"../../../Engine/Plugins/Animation/ControlRig/Content/Controls/ControlRig_QuarterCircle_solid.ubulk" 630
"../../../Engine/Plugins/Animation/ControlRig/Content/Controls/ControlRig_QuarterCircle_solid.uasset" 631
"../../../Engine/Plugins/Animation/ControlRig/Content/Controls/ControlRig_QuarterCircle_solid.uexp" 632
"../../../Engine/Plugins/Animation/ControlRig/Content/Controls/ControlRig_QuarterCircle_3mm.ubulk" 633
"../../../Engine/Plugins/Animation/ControlRig/Content/Controls/ControlRig_QuarterCircle_3mm.uasset" 634
"../../../Engine/Plugins/Animation/ControlRig/Content/Controls/ControlRig_QuarterCircle_3mm.uexp" 635
"../../../Engine/Plugins/Animation/ControlRig/Content/Controls/ControlRig_QuarterCircle_1mm.ubulk" 636
"../../../Engine/Plugins/Animation/ControlRig/Content/Controls/ControlRig_QuarterCircle_1mm.uasset" 637
"../../../Engine/Plugins/Animation/ControlRig/Content/Controls/ControlRig_QuarterCircle_1mm.uexp" 638
"../../../Engine/Plugins/Animation/ControlRig/Content/Controls/ControlRig_Pyramid_solid.ubulk" 639
"../../../Engine/Plugins/Animation/ControlRig/Content/Controls/ControlRig_Pyramid_solid.uasset" 640
"../../../Engine/Plugins/Animation/ControlRig/Content/Controls/ControlRig_Pyramid_solid.uexp" 641
"../../../Engine/Plugins/Animation/ControlRig/Content/Controls/ControlRig_Pyramid_3mm.ubulk" 642
"../../../Engine/Plugins/Animation/ControlRig/Content/Controls/ControlRig_Pyramid_3mm.uasset" 643
"../../../Engine/Plugins/Animation/ControlRig/Content/Controls/ControlRig_Pyramid_3mm.uexp" 644
"../../../Engine/Plugins/Animation/ControlRig/Content/Controls/ControlRig_Pyramid_1mm.ubulk" 645
"../../../Engine/Plugins/Animation/ControlRig/Content/Controls/ControlRig_Pyramid_1mm.uasset" 646
"../../../Engine/Plugins/Animation/ControlRig/Content/Controls/ControlRig_Pyramid_1mm.uexp" 647
"../../../Engine/Plugins/Animation/ControlRig/Content/Controls/ControlRig_Octagon_solid.ubulk" 648
"../../../Engine/Plugins/Animation/ControlRig/Content/Controls/ControlRig_Octagon_solid.uasset" 649
"../../../Engine/Plugins/Animation/ControlRig/Content/Controls/ControlRig_Octagon_solid.uexp" 650
"../../../Engine/Plugins/Animation/ControlRig/Content/Controls/ControlRig_Octagon_3mm.ubulk" 651
"../../../Engine/Plugins/Animation/ControlRig/Content/Controls/ControlRig_Octagon_3mm.uasset" 652
"../../../Engine/Plugins/Animation/ControlRig/Content/Controls/ControlRig_Octagon_3mm.uexp" 653
"../../../Engine/Plugins/Animation/ControlRig/Content/Controls/ControlRig_Octagon_1mm.ubulk" 654
"../../../Engine/Plugins/Animation/ControlRig/Content/Controls/ControlRig_Octagon_1mm.uasset" 655
"../../../Engine/Plugins/Animation/ControlRig/Content/Controls/ControlRig_Octagon_1mm.uexp" 656
"../../../Engine/Plugins/Animation/ControlRig/Content/Controls/ControlRig_Hexagon_solid.ubulk" 657
"../../../Engine/Plugins/Animation/ControlRig/Content/Controls/ControlRig_Hexagon_solid.uasset" 658
"../../../Engine/Plugins/Animation/ControlRig/Content/Controls/ControlRig_Hexagon_solid.uexp" 659
"../../../Engine/Plugins/Animation/ControlRig/Content/Controls/ControlRig_Hexagon_3mm.ubulk" 660
"../../../Engine/Plugins/Animation/ControlRig/Content/Controls/ControlRig_Hexagon_3mm.uasset" 661
"../../../Engine/Plugins/Animation/ControlRig/Content/Controls/ControlRig_Hexagon_3mm.uexp" 662
"../../../Engine/Plugins/Animation/ControlRig/Content/Controls/ControlRig_Hexagon_1mm.ubulk" 663
"../../../Engine/Plugins/Animation/ControlRig/Content/Controls/ControlRig_Hexagon_1mm.uasset" 664
"../../../Engine/Plugins/Animation/ControlRig/Content/Controls/ControlRig_Hexagon_1mm.uexp" 665
"../../../Engine/Plugins/Animation/ControlRig/Content/Controls/ControlRig_HalfCircle_solid.ubulk" 666
"../../../Engine/Plugins/Animation/ControlRig/Content/Controls/ControlRig_HalfCircle_solid.uasset" 667
"../../../Engine/Plugins/Animation/ControlRig/Content/Controls/ControlRig_HalfCircle_solid.uexp" 668
"../../../Engine/Plugins/Animation/ControlRig/Content/Controls/ControlRig_HalfCircle_3mm.ubulk" 669
"../../../Engine/Plugins/Animation/ControlRig/Content/Controls/ControlRig_HalfCircle_3mm.uasset" 670
"../../../Engine/Plugins/Animation/ControlRig/Content/Controls/ControlRig_HalfCircle_3mm.uexp" 671
"../../../Engine/Plugins/Animation/ControlRig/Content/Controls/ControlRig_HalfCircle_1mm.ubulk" 672
"../../../Engine/Plugins/Animation/ControlRig/Content/Controls/ControlRig_HalfCircle_1mm.uasset" 673
"../../../Engine/Plugins/Animation/ControlRig/Content/Controls/ControlRig_HalfCircle_1mm.uexp" 674
"../../../Engine/Plugins/Animation/ControlRig/Content/Controls/ControlRig_Diamond_solid.ubulk" 675
"../../../Engine/Plugins/Animation/ControlRig/Content/Controls/ControlRig_Diamond_solid.uasset" 676
"../../../Engine/Plugins/Animation/ControlRig/Content/Controls/ControlRig_Diamond_solid.uexp" 677
"../../../Engine/Plugins/Animation/ControlRig/Content/Controls/ControlRig_Diamond_3mm.ubulk" 678
"../../../Engine/Plugins/Animation/ControlRig/Content/Controls/ControlRig_Diamond_3mm.uasset" 679
"../../../Engine/Plugins/Animation/ControlRig/Content/Controls/ControlRig_Diamond_3mm.uexp" 680
"../../../Engine/Plugins/Animation/ControlRig/Content/Controls/ControlRig_Diamond_1mm.ubulk" 681
"../../../Engine/Plugins/Animation/ControlRig/Content/Controls/ControlRig_Diamond_1mm.uasset" 682
"../../../Engine/Plugins/Animation/ControlRig/Content/Controls/ControlRig_Diamond_1mm.uexp" 683
"../../../Engine/Plugins/Animation/ControlRig/Content/Controls/ControlRig_Circle_solid.ubulk" 684
"../../../Engine/Plugins/Animation/ControlRig/Content/Controls/ControlRig_Circle_solid.uasset" 685
"../../../Engine/Plugins/Animation/ControlRig/Content/Controls/ControlRig_Circle_solid.uexp" 686
"../../../Engine/Plugins/Animation/ControlRig/Content/Controls/ControlRig_Circle_3mm.ubulk" 687
"../../../Engine/Plugins/Animation/ControlRig/Content/Controls/ControlRig_Circle_3mm.uasset" 688
"../../../Engine/Plugins/Animation/ControlRig/Content/Controls/ControlRig_Circle_3mm.uexp" 689
"../../../Engine/Plugins/Animation/ControlRig/Content/Controls/ControlRig_Circle_1mm.ubulk" 690
"../../../Engine/Plugins/Animation/ControlRig/Content/Controls/ControlRig_Circle_1mm.uasset" 691
"../../../Engine/Plugins/Animation/ControlRig/Content/Controls/ControlRig_Circle_1mm.uexp" 692
"../../../Engine/Plugins/Animation/ControlRig/Content/Controls/ControlRig_Box_solid.ubulk" 693
"../../../Engine/Plugins/Animation/ControlRig/Content/Controls/ControlRig_Box_solid.uasset" 694
"../../../Engine/Plugins/Animation/ControlRig/Content/Controls/ControlRig_Box_solid.uexp" 695
"../../../Engine/Plugins/Animation/ControlRig/Content/Controls/ControlRig_Box_3mm.ubulk" 696
"../../../Engine/Plugins/Animation/ControlRig/Content/Controls/ControlRig_Box_3mm.uasset" 697
"../../../Engine/Plugins/Animation/ControlRig/Content/Controls/ControlRig_Box_3mm.uexp" 698
"../../../Engine/Plugins/Animation/ControlRig/Content/Controls/ControlRig_Box_1mm.ubulk" 699
"../../../Engine/Plugins/Animation/ControlRig/Content/Controls/ControlRig_Box_1mm.uasset" 700
"../../../Engine/Plugins/Animation/ControlRig/Content/Controls/ControlRig_Box_1mm.uexp" 701
"../../../Engine/Plugins/Animation/ControlRig/Content/Controls/ControlRig_Arrow_solid.ubulk" 702
"../../../Engine/Plugins/Animation/ControlRig/Content/Controls/ControlRig_Arrow_solid.uasset" 703
"../../../Engine/Plugins/Animation/ControlRig/Content/Controls/ControlRig_Arrow_solid.uexp" 704
"../../../Engine/Plugins/Animation/ControlRig/Content/Controls/ControlRig_Arrow_3mm.ubulk" 705
"../../../Engine/Plugins/Animation/ControlRig/Content/Controls/ControlRig_Arrow_3mm.uasset" 706
"../../../Engine/Plugins/Animation/ControlRig/Content/Controls/ControlRig_Arrow_3mm.uexp" 707
"../../../Engine/Plugins/Animation/ControlRig/Content/Controls/ControlRig_Arrow_1mm.ubulk" 708
"../../../Engine/Plugins/Animation/ControlRig/Content/Controls/ControlRig_Arrow_1mm.uasset" 709
"../../../Engine/Plugins/Animation/ControlRig/Content/Controls/ControlRig_Arrow_1mm.uexp" 710
"../../../Engine/Plugins/Animation/ControlRig/Content/Controls/ControlRig_Arrow4_solid.ubulk" 711
"../../../Engine/Plugins/Animation/ControlRig/Content/Controls/ControlRig_Arrow4_solid.uasset" 712
"../../../Engine/Plugins/Animation/ControlRig/Content/Controls/ControlRig_Arrow4_solid.uexp" 713
"../../../Engine/Plugins/Animation/ControlRig/Content/Controls/ControlRig_Arrow4_3mm.ubulk" 714
"../../../Engine/Plugins/Animation/ControlRig/Content/Controls/ControlRig_Arrow4_3mm.uasset" 715
"../../../Engine/Plugins/Animation/ControlRig/Content/Controls/ControlRig_Arrow4_3mm.uexp" 716
"../../../Engine/Plugins/Animation/ControlRig/Content/Controls/ControlRig_Arrow4_1mm.ubulk" 717
"../../../Engine/Plugins/Animation/ControlRig/Content/Controls/ControlRig_Arrow4_1mm.uasset" 718
"../../../Engine/Plugins/Animation/ControlRig/Content/Controls/ControlRig_Arrow4_1mm.uexp" 719
"../../../Engine/Plugins/Animation/ControlRig/Content/Controls/ControlRig_Arrow2_solid.ubulk" 720
"../../../Engine/Plugins/Animation/ControlRig/Content/Controls/ControlRig_Arrow2_solid.uasset" 721
"../../../Engine/Plugins/Animation/ControlRig/Content/Controls/ControlRig_Arrow2_solid.uexp" 722
"../../../Engine/Plugins/Animation/ControlRig/Content/Controls/ControlRig_Arrow2_3mm.ubulk" 723
"../../../Engine/Plugins/Animation/ControlRig/Content/Controls/ControlRig_Arrow2_3mm.uasset" 724
"../../../Engine/Plugins/Animation/ControlRig/Content/Controls/ControlRig_Arrow2_3mm.uexp" 725
"../../../Engine/Plugins/Animation/ControlRig/Content/Controls/ControlRig_Arrow2_1mm.ubulk" 726
"../../../Engine/Plugins/Animation/ControlRig/Content/Controls/ControlRig_Arrow2_1mm.uasset" 727
"../../../Engine/Plugins/Animation/ControlRig/Content/Controls/ControlRig_Arrow2_1mm.uexp" 728
"../../../Engine/Plugins/Animation/ControlRig/Content/Controls/ControlRigXRayMaterial.uasset" 729
"../../../Engine/Plugins/Animation/ControlRig/Content/Controls/ControlRigXRayMaterial.uexp" 730
"../../../Engine/Plugins/Animation/ControlRig/Content/Controls/ControlRigGizmoMaterial.uasset" 731
"../../../Engine/Plugins/Animation/ControlRig/Content/Controls/ControlRigGizmoMaterial.uexp" 732
"../../../Engine/Plugins/Editor/SpeedTreeImporter/Content/SpeedTree9/game_wind_noise.ubulk" 733
"../../../Engine/Plugins/Editor/SpeedTreeImporter/Content/SpeedTree9/game_wind_noise.uasset" 734
"../../../Engine/Plugins/Editor/SpeedTreeImporter/Content/SpeedTree9/game_wind_noise.uexp" 735
"../../../Engine/Plugins/Editor/SpeedTreeImporter/Content/SpeedTree9/UnpackDirection.uasset" 736
"../../../Engine/Plugins/Editor/SpeedTreeImporter/Content/SpeedTree9/UnpackDirection.uexp" 737
"../../../Engine/Content/Functions/Engine_MaterialFunctions02/ObjectLocalBounds.uasset" 738
"../../../Engine/Content/Functions/Engine_MaterialFunctions02/ObjectLocalBounds.uexp" 739
"../../../Engine/Content/Functions/Engine_MaterialFunctions02/UVs/BoundingBoxBased_0-1_UVW.uasset" 740
"../../../Engine/Content/Functions/Engine_MaterialFunctions02/UVs/BoundingBoxBased_0-1_UVW.uexp" 741
"../../../Engine/Content/Functions/Engine_MaterialFunctions02/Utility/VectorLength.uasset" 742
"../../../Engine/Content/Functions/Engine_MaterialFunctions02/Utility/VectorLength.uexp" 743
"../../../Engine/Plugins/Editor/SpeedTreeImporter/Content/SpeedTree9/UnpackInteger3.uasset" 744
"../../../Engine/Plugins/Editor/SpeedTreeImporter/Content/SpeedTree9/UnpackInteger3.uexp" 745
"../../../Engine/Plugins/Editor/SpeedTreeImporter/Content/SpeedTree9/SpeedTreeCameraFacing.uasset" 746
"../../../Engine/Plugins/Editor/SpeedTreeImporter/Content/SpeedTree9/SpeedTreeCameraFacing.uexp" 747
"../../../Engine/Content/Functions/Engine_MaterialFunctions02/WorldPositionOffset/ObjectScale.uasset" 748
"../../../Engine/Content/Functions/Engine_MaterialFunctions02/WorldPositionOffset/ObjectScale.uexp" 749
"../../../Engine/Content/Functions/Engine_MaterialFunctions02/SafeNormalize.uasset" 750
"../../../Engine/Content/Functions/Engine_MaterialFunctions02/SafeNormalize.uexp" 751
"../../../Engine/Plugins/Editor/SpeedTreeImporter/Content/SpeedTree9/SpeedTreeWindMotion.uasset" 752
"../../../Engine/Plugins/Editor/SpeedTreeImporter/Content/SpeedTree9/SpeedTreeWindMotion.uexp" 753
"../../../Engine/Plugins/Editor/SpeedTreeImporter/Content/SpeedTree9/SpeedTreeBranchMotion.uasset" 754
"../../../Engine/Plugins/Editor/SpeedTreeImporter/Content/SpeedTree9/SpeedTreeBranchMotion.uexp" 755
"../../../Engine/Plugins/Editor/SpeedTreeImporter/Content/SpeedTree9/SpeedTreeWind.uasset" 756
"../../../Engine/Plugins/Editor/SpeedTreeImporter/Content/SpeedTree9/SpeedTreeWind.uexp" 757
"../../../Engine/Plugins/Editor/SpeedTreeImporter/Content/SpeedTree9/EmptyNormal.uasset" 758
"../../../Engine/Plugins/Editor/SpeedTreeImporter/Content/SpeedTree9/EmptyNormal.uexp" 759
"../../../Engine/Plugins/Editor/SpeedTreeImporter/Content/SpeedTree9/Empty.uasset" 760
"../../../Engine/Plugins/Editor/SpeedTreeImporter/Content/SpeedTree9/Empty.uexp" 761
"../../../Engine/Plugins/Editor/SpeedTreeImporter/Content/SpeedTree9/SpeedTreeMaster.uasset" 762
"../../../Engine/Plugins/Editor/SpeedTreeImporter/Content/SpeedTree9/SpeedTreeMaster.uexp" 763
"../../../Engine/Plugins/Editor/SpeedTreeImporter/Content/SpeedTree9/SpeedTreeBillboard.uasset" 764
"../../../Engine/Plugins/Editor/SpeedTreeImporter/Content/SpeedTree9/SpeedTreeBillboard.uexp" 765
"../../../Engine/Plugins/Editor/SpeedTreeImporter/Content/SpeedTree9/SpeedTreeBillboardMaster.uasset" 766
"../../../Engine/Plugins/Editor/SpeedTreeImporter/Content/SpeedTree9/SpeedTreeBillboardMaster.uexp" 767
"../../../Engine/Plugins/Interchange/Runtime/Content/Pipelines/DefaultTexturePipeline.uasset" 768
"../../../Engine/Plugins/Interchange/Runtime/Content/Pipelines/DefaultTexturePipeline.uexp" 769
"../../../Engine/Plugins/Interchange/Runtime/Content/Pipelines/DefaultSceneLevelPipeline.uasset" 770
"../../../Engine/Plugins/Interchange/Runtime/Content/Pipelines/DefaultSceneLevelPipeline.uexp" 771
"../../../Engine/Plugins/Interchange/Runtime/Content/Pipelines/DefaultSceneAssetsPipeline.uasset" 772
"../../../Engine/Plugins/Interchange/Runtime/Content/Pipelines/DefaultSceneAssetsPipeline.uexp" 773
"../../../Engine/Plugins/Interchange/Runtime/Content/Pipelines/DefaultMaterialPipeline.uasset" 774
"../../../Engine/Plugins/Interchange/Runtime/Content/Pipelines/DefaultMaterialPipeline.uexp" 775
"../../../Engine/Plugins/Interchange/Runtime/Content/Pipelines/DefaultAssetsPipeline.uasset" 776
"../../../Engine/Plugins/Interchange/Runtime/Content/Pipelines/DefaultAssetsPipeline.uexp" 777
"../../../Engine/Plugins/Interchange/Runtime/Content/Materials/UnlitMaterial.uasset" 778
"../../../Engine/Plugins/Interchange/Runtime/Content/Materials/UnlitMaterial.uexp" 779
"../../../Engine/Content/EngineMaterials/DefaultNormal.ubulk" 780
"../../../Engine/Content/EngineMaterials/DefaultNormal.uasset" 781
"../../../Engine/Content/EngineMaterials/DefaultNormal.uexp" 782
"../../../Engine/Plugins/Interchange/Runtime/Content/Materials/MapOrScalarFunction.uasset" 783
"../../../Engine/Plugins/Interchange/Runtime/Content/Materials/MapOrScalarFunction.uexp" 784
"../../../Engine/Plugins/Interchange/Runtime/Content/Materials/MapOrLinearColorFunction.uasset" 785
"../../../Engine/Plugins/Interchange/Runtime/Content/Materials/MapOrLinearColorFunction.uexp" 786
"../../../Engine/Plugins/Interchange/Runtime/Content/Materials/MapOrColorFunction.uasset" 787
"../../../Engine/Plugins/Interchange/Runtime/Content/Materials/MapOrColorFunction.uexp" 788
"../../../Engine/Plugins/Interchange/Runtime/Content/Materials/CommonMaterial.uasset" 789
"../../../Engine/Plugins/Interchange/Runtime/Content/Materials/CommonMaterial.uexp" 790
"../../../Engine/Plugins/Interchange/Runtime/Content/Materials/PBRSurfaceFunction.uasset" 791
"../../../Engine/Plugins/Interchange/Runtime/Content/Materials/PBRSurfaceFunction.uexp" 792
"../../../Engine/Plugins/Interchange/Runtime/Content/Materials/ThinTranslucentMaterial.uasset" 793
"../../../Engine/Plugins/Interchange/Runtime/Content/Materials/ThinTranslucentMaterial.uexp" 794
"../../../Engine/Plugins/Interchange/Runtime/Content/Materials/SubsurfaceMaterial.uasset" 795
"../../../Engine/Plugins/Interchange/Runtime/Content/Materials/SubsurfaceMaterial.uexp" 796
"../../../Engine/Plugins/Interchange/Runtime/Content/Materials/SheenMaterial.uasset" 797
"../../../Engine/Plugins/Interchange/Runtime/Content/Materials/SheenMaterial.uexp" 798
"../../../Engine/Content/Functions/Engine_MaterialFunctions01/Shading/ConvertFromDiffSpec.uasset" 799
"../../../Engine/Content/Functions/Engine_MaterialFunctions01/Shading/ConvertFromDiffSpec.uexp" 800
"../../../Engine/Plugins/Interchange/Runtime/Content/Materials/PhongSurfaceMaterial.uasset" 801
"../../../Engine/Plugins/Interchange/Runtime/Content/Materials/PhongSurfaceMaterial.uexp" 802
"../../../Engine/Plugins/Interchange/Runtime/Content/Materials/PBRSurfaceMaterial.uasset" 803
"../../../Engine/Plugins/Interchange/Runtime/Content/Materials/PBRSurfaceMaterial.uexp" 804
"../../../Engine/Content/EngineMaterials/FlatNormal.uasset" 805
"../../../Engine/Content/EngineMaterials/FlatNormal.uexp" 806
"../../../Engine/Plugins/Interchange/Runtime/Content/Functions/MF_OrenNayerView.uasset" 807
"../../../Engine/Plugins/Interchange/Runtime/Content/Functions/MF_OrenNayerView.uexp" 808
"../../../Engine/Content/EditorLandscapeResources/WhiteSquareTexture.uasset" 809
"../../../Engine/Content/EditorLandscapeResources/WhiteSquareTexture.uexp" 810
"../../../Engine/Plugins/Interchange/Runtime/Content/Functions/MF_SchlickApprox.uasset" 811
"../../../Engine/Plugins/Interchange/Runtime/Content/Functions/MF_SchlickApprox.uexp" 812
"../../../Engine/Plugins/Interchange/Runtime/Content/Utilities/New_LUT.uasset" 813
"../../../Engine/Plugins/Interchange/Runtime/Content/Utilities/New_LUT.uexp" 814
"../../../Engine/Content/Functions/Engine_MaterialFunctions03/Math/RemapValueRange.uasset" 815
"../../../Engine/Content/Functions/Engine_MaterialFunctions03/Math/RemapValueRange.uexp" 816
"../../../Engine/Plugins/Interchange/Runtime/Content/Functions/MF_Iridescence.uasset" 817
"../../../Engine/Plugins/Interchange/Runtime/Content/Functions/MF_Iridescence.uexp" 818
"../../../Engine/Plugins/Interchange/Runtime/Content/Materials/OrenNayerMaterial.uasset" 819
"../../../Engine/Plugins/Interchange/Runtime/Content/Materials/OrenNayerMaterial.uexp" 820
"../../../Engine/Plugins/Interchange/Runtime/Content/Materials/LambertSurfaceMaterial.uasset" 821
"../../../Engine/Plugins/Interchange/Runtime/Content/Materials/LambertSurfaceMaterial.uexp" 822
"../../../Engine/Plugins/Interchange/Runtime/Content/Materials/ClearCoatMaterial.uasset" 823
"../../../Engine/Plugins/Interchange/Runtime/Content/Materials/ClearCoatMaterial.uexp" 824
"../../../Engine/Plugins/Interchange/Runtime/Content/gltf/Textures/T_Gray_Linear.uasset" 825
"../../../Engine/Plugins/Interchange/Runtime/Content/gltf/Textures/T_Gray_Linear.uexp" 826
"../../../Engine/Plugins/Interchange/Runtime/Content/gltf/Textures/T_Black_srgb.uasset" 827
"../../../Engine/Plugins/Interchange/Runtime/Content/gltf/Textures/T_Black_srgb.uexp" 828
"../../../Engine/Plugins/Interchange/Runtime/Content/gltf/MaterialFunctions/MF_RotateV2.uasset" 829
"../../../Engine/Plugins/Interchange/Runtime/Content/gltf/MaterialFunctions/MF_RotateV2.uexp" 830
"../../../Engine/Plugins/Interchange/Runtime/Content/gltf/MaterialFunctions/MF_TransformUVs.uasset" 831
"../../../Engine/Plugins/Interchange/Runtime/Content/gltf/MaterialFunctions/MF_TransformUVs.uexp" 832
"../../../Engine/Plugins/Interchange/Runtime/Content/gltf/Textures/T_White_srgb.uasset" 833
"../../../Engine/Plugins/Interchange/Runtime/Content/gltf/Textures/T_White_srgb.uexp" 834
"../../../Engine/Plugins/Interchange/Runtime/Content/gltf/MaterialFunctions/MF_BaseColor.uasset" 835
"../../../Engine/Plugins/Interchange/Runtime/Content/gltf/MaterialFunctions/MF_BaseColor.uexp" 836
"../../../Engine/Plugins/Interchange/Runtime/Content/gltf/MaterialFunctions/MF_DiffuseSpecGloss.uasset" 837
"../../../Engine/Plugins/Interchange/Runtime/Content/gltf/MaterialFunctions/MF_DiffuseSpecGloss.uexp" 838
"../../../Engine/Plugins/Interchange/Runtime/Content/gltf/Textures/T_White_Linear.uasset" 839
"../../../Engine/Plugins/Interchange/Runtime/Content/gltf/Textures/T_White_Linear.uexp" 840
"../../../Engine/Plugins/Interchange/Runtime/Content/gltf/MaterialFunctions/MF_MetallicRoughness.uasset" 841
"../../../Engine/Plugins/Interchange/Runtime/Content/gltf/MaterialFunctions/MF_MetallicRoughness.uexp" 842
"../../../Engine/Plugins/Interchange/Runtime/Content/gltf/MaterialFunctions/MF_Transmission.uasset" 843
"../../../Engine/Plugins/Interchange/Runtime/Content/gltf/MaterialFunctions/MF_Transmission.uexp" 844
"../../../Engine/Plugins/Interchange/Runtime/Content/gltf/MaterialFunctions/MF_Occlusion.uasset" 845
"../../../Engine/Plugins/Interchange/Runtime/Content/gltf/MaterialFunctions/MF_Occlusion.uexp" 846
"../../../Engine/Content/Functions/Engine_MaterialFunctions02/Texturing/CustomRotator.uasset" 847
"../../../Engine/Content/Functions/Engine_MaterialFunctions02/Texturing/CustomRotator.uexp" 848
"../../../Engine/Content/Functions/Engine_MaterialFunctions02/Texturing/ScreenAlignedPixelToPixelUVs.uasset" 849
"../../../Engine/Content/Functions/Engine_MaterialFunctions02/Texturing/ScreenAlignedPixelToPixelUVs.uexp" 850
"../../../Engine/Plugins/Interchange/Runtime/Content/Utilities/T_Bayer64_Grayscale_64px.uasset" 851
"../../../Engine/Plugins/Interchange/Runtime/Content/Utilities/T_Bayer64_Grayscale_64px.uexp" 852
"../../../Engine/Plugins/Interchange/Runtime/Content/gltf/MaterialFunctions/MF_Temporal_Blur.uasset" 853
"../../../Engine/Plugins/Interchange/Runtime/Content/gltf/MaterialFunctions/MF_Temporal_Blur.uexp" 854
"../../../Engine/Plugins/Interchange/Runtime/Content/gltf/MaterialFunctions/MF_Specular.uasset" 855
"../../../Engine/Plugins/Interchange/Runtime/Content/gltf/MaterialFunctions/MF_Specular.uexp" 856
"../../../Engine/Plugins/Interchange/Runtime/Content/gltf/MaterialFunctions/MF_IOR.uasset" 857
"../../../Engine/Plugins/Interchange/Runtime/Content/gltf/MaterialFunctions/MF_IOR.uexp" 858
"../../../Engine/Plugins/Interchange/Runtime/Content/gltf/MaterialFunctions/MF_Fresnel_DS.uasset" 859
"../../../Engine/Plugins/Interchange/Runtime/Content/gltf/MaterialFunctions/MF_Fresnel_DS.uexp" 860
"../../../Engine/Content/Functions/Engine_MaterialFunctions01/Texturing/FlattenNormal.uasset" 861
"../../../Engine/Content/Functions/Engine_MaterialFunctions01/Texturing/FlattenNormal.uexp" 862
"../../../Engine/Content/Functions/Engine_MaterialFunctions02/Math/Transform3x3Matrix.uasset" 863
"../../../Engine/Content/Functions/Engine_MaterialFunctions02/Math/Transform3x3Matrix.uexp" 864
"../../../Engine/Plugins/Interchange/Runtime/Content/gltf/MaterialFunctions/MF_RotateNormals_TS.uasset" 865
"../../../Engine/Plugins/Interchange/Runtime/Content/gltf/MaterialFunctions/MF_RotateNormals_TS.uexp" 866
"../../../Engine/Plugins/Interchange/Runtime/Content/gltf/Textures/T_Generic_N.uasset" 867
"../../../Engine/Plugins/Interchange/Runtime/Content/gltf/Textures/T_Generic_N.uexp" 868
"../../../Engine/Plugins/Interchange/Runtime/Content/gltf/MaterialFunctions/MF_Normals.uasset" 869
"../../../Engine/Plugins/Interchange/Runtime/Content/gltf/MaterialFunctions/MF_Normals.uexp" 870
"../../../Engine/Content/Functions/Engine_MaterialFunctions02/Math/AddComponents.uasset" 871
"../../../Engine/Content/Functions/Engine_MaterialFunctions02/Math/AddComponents.uexp" 872
"../../../Engine/Plugins/Interchange/Runtime/Content/gltf/MaterialFunctions/MF_PerceivedBrightness.uasset" 873
"../../../Engine/Plugins/Interchange/Runtime/Content/gltf/MaterialFunctions/MF_PerceivedBrightness.uexp" 874
"../../../Engine/Plugins/Interchange/Runtime/Content/gltf/MaterialFunctions/MF_SpecGlossToMetalRoughness.uasset" 875
"../../../Engine/Plugins/Interchange/Runtime/Content/gltf/MaterialFunctions/MF_SpecGlossToMetalRoughness.uexp" 876
"../../../Engine/Plugins/Interchange/Runtime/Content/gltf/M_Transmission.uasset" 877
"../../../Engine/Plugins/Interchange/Runtime/Content/gltf/M_Transmission.uexp" 878
"../../../Engine/Plugins/Interchange/Runtime/Content/gltf/MaterialInstances_SG/MI_Transmission_TS.uasset" 879
"../../../Engine/Plugins/Interchange/Runtime/Content/gltf/MaterialInstances_SG/MI_Transmission_TS.uexp" 880
"../../../Engine/Plugins/Interchange/Runtime/Content/gltf/MaterialInstances_SG/MI_Transmission.uasset" 881
"../../../Engine/Plugins/Interchange/Runtime/Content/gltf/MaterialInstances_SG/MI_Transmission.uexp" 882
"../../../Engine/Plugins/Interchange/Runtime/Content/gltf/MaterialFunctions/MF_Clearcoat.uasset" 883
"../../../Engine/Plugins/Interchange/Runtime/Content/gltf/MaterialFunctions/MF_Clearcoat.uexp" 884
"../../../Engine/Plugins/Interchange/Runtime/Content/gltf/MaterialFunctions/MF_Emissive.uasset" 885
"../../../Engine/Plugins/Interchange/Runtime/Content/gltf/MaterialFunctions/MF_Emissive.uexp" 886
"../../../Engine/Plugins/Interchange/Runtime/Content/gltf/M_Translucent.uasset" 887
"../../../Engine/Plugins/Interchange/Runtime/Content/gltf/M_Translucent.uexp" 888
"../../../Engine/Plugins/Interchange/Runtime/Content/gltf/MaterialInstances_SG/MI_Translucent_TS.uasset" 889
"../../../Engine/Plugins/Interchange/Runtime/Content/gltf/MaterialInstances_SG/MI_Translucent_TS.uexp" 890
"../../../Engine/Plugins/Interchange/Runtime/Content/gltf/MaterialInstances_SG/MI_Translucent_ClearCoat_TS.uasset" 891
"../../../Engine/Plugins/Interchange/Runtime/Content/gltf/MaterialInstances_SG/MI_Translucent_ClearCoat_TS.uexp" 892
"../../../Engine/Plugins/Interchange/Runtime/Content/gltf/MaterialInstances_SG/MI_Translucent_ClearCoat.uasset" 893
"../../../Engine/Plugins/Interchange/Runtime/Content/gltf/MaterialInstances_SG/MI_Translucent_ClearCoat.uexp" 894
"../../../Engine/Plugins/Interchange/Runtime/Content/gltf/MaterialInstances_SG/MI_Translucent.uasset" 895
"../../../Engine/Plugins/Interchange/Runtime/Content/gltf/MaterialInstances_SG/MI_Translucent.uexp" 896
"../../../Engine/Plugins/Interchange/Runtime/Content/gltf/M_Opaque.uasset" 897
"../../../Engine/Plugins/Interchange/Runtime/Content/gltf/M_Opaque.uexp" 898
"../../../Engine/Plugins/Interchange/Runtime/Content/gltf/MaterialInstances_SG/MI_Opaque_TS.uasset" 899
"../../../Engine/Plugins/Interchange/Runtime/Content/gltf/MaterialInstances_SG/MI_Opaque_TS.uexp" 900
"../../../Engine/Plugins/Interchange/Runtime/Content/gltf/MaterialFunctions/MF_Sheen.uasset" 901
"../../../Engine/Plugins/Interchange/Runtime/Content/gltf/MaterialFunctions/MF_Sheen.uexp" 902
"../../../Engine/Content/Functions/Engine_MaterialFunctions01/Shading/FuzzyShading.uasset" 903
"../../../Engine/Content/Functions/Engine_MaterialFunctions01/Shading/FuzzyShading.uexp" 904
"../../../Engine/Plugins/Interchange/Runtime/Content/gltf/M_Sheen.uasset" 905
"../../../Engine/Plugins/Interchange/Runtime/Content/gltf/M_Sheen.uexp" 906
"../../../Engine/Plugins/Interchange/Runtime/Content/gltf/MaterialInstances_SG/MI_Opaque_Sheen_TS.uasset" 907
"../../../Engine/Plugins/Interchange/Runtime/Content/gltf/MaterialInstances_SG/MI_Opaque_Sheen_TS.uexp" 908
"../../../Engine/Plugins/Interchange/Runtime/Content/gltf/MaterialInstances_SG/MI_Opaque_Sheen.uasset" 909
"../../../Engine/Plugins/Interchange/Runtime/Content/gltf/MaterialInstances_SG/MI_Opaque_Sheen.uexp" 910
"../../../Engine/Plugins/Interchange/Runtime/Content/gltf/MaterialInstances_SG/MI_Opaque_ClearCoat_TS.uasset" 911
"../../../Engine/Plugins/Interchange/Runtime/Content/gltf/MaterialInstances_SG/MI_Opaque_ClearCoat_TS.uexp" 912
"../../../Engine/Plugins/Interchange/Runtime/Content/gltf/MaterialInstances_SG/MI_Opaque_ClearCoat.uasset" 913
"../../../Engine/Plugins/Interchange/Runtime/Content/gltf/MaterialInstances_SG/MI_Opaque_ClearCoat.uexp" 914
"../../../Engine/Plugins/Interchange/Runtime/Content/gltf/MaterialInstances_SG/MI_Opaque.uasset" 915
"../../../Engine/Plugins/Interchange/Runtime/Content/gltf/MaterialInstances_SG/MI_Opaque.uexp" 916
"../../../Engine/Plugins/Interchange/Runtime/Content/gltf/MaterialInstances_MR/MI_Transmission_TS.uasset" 917
"../../../Engine/Plugins/Interchange/Runtime/Content/gltf/MaterialInstances_MR/MI_Transmission_TS.uexp" 918
"../../../Engine/Plugins/Interchange/Runtime/Content/gltf/MaterialInstances_MR/MI_Transmission.uasset" 919
"../../../Engine/Plugins/Interchange/Runtime/Content/gltf/MaterialInstances_MR/MI_Transmission.uexp" 920
"../../../Engine/Plugins/Interchange/Runtime/Content/gltf/MaterialInstances_MR/MI_Translucent_TS.uasset" 921
"../../../Engine/Plugins/Interchange/Runtime/Content/gltf/MaterialInstances_MR/MI_Translucent_TS.uexp" 922
"../../../Engine/Plugins/Interchange/Runtime/Content/gltf/MaterialInstances_MR/MI_Translucent_ClearCoat_TS.uasset" 923
"../../../Engine/Plugins/Interchange/Runtime/Content/gltf/MaterialInstances_MR/MI_Translucent_ClearCoat_TS.uexp" 924
"../../../Engine/Plugins/Interchange/Runtime/Content/gltf/MaterialInstances_MR/MI_Translucent_ClearCoat.uasset" 925
"../../../Engine/Plugins/Interchange/Runtime/Content/gltf/MaterialInstances_MR/MI_Translucent_ClearCoat.uexp" 926
"../../../Engine/Plugins/Interchange/Runtime/Content/gltf/MaterialInstances_MR/MI_Translucent.uasset" 927
"../../../Engine/Plugins/Interchange/Runtime/Content/gltf/MaterialInstances_MR/MI_Translucent.uexp" 928
"../../../Engine/Plugins/Interchange/Runtime/Content/gltf/M_Unlit.uasset" 929
"../../../Engine/Plugins/Interchange/Runtime/Content/gltf/M_Unlit.uexp" 930
"../../../Engine/Plugins/Interchange/Runtime/Content/gltf/MaterialInstances_MR/MI_Opaque_Unlit_TS.uasset" 931
"../../../Engine/Plugins/Interchange/Runtime/Content/gltf/MaterialInstances_MR/MI_Opaque_Unlit_TS.uexp" 932
"../../../Engine/Plugins/Interchange/Runtime/Content/gltf/MaterialInstances_MR/MI_Opaque_Unlit.uasset" 933
"../../../Engine/Plugins/Interchange/Runtime/Content/gltf/MaterialInstances_MR/MI_Opaque_Unlit.uexp" 934
"../../../Engine/Plugins/Interchange/Runtime/Content/gltf/MaterialInstances_MR/MI_Opaque_TS.uasset" 935
"../../../Engine/Plugins/Interchange/Runtime/Content/gltf/MaterialInstances_MR/MI_Opaque_TS.uexp" 936
"../../../Engine/Plugins/Interchange/Runtime/Content/gltf/MaterialInstances_MR/MI_Opaque_Sheen_TS.uasset" 937
"../../../Engine/Plugins/Interchange/Runtime/Content/gltf/MaterialInstances_MR/MI_Opaque_Sheen_TS.uexp" 938
"../../../Engine/Plugins/Interchange/Runtime/Content/gltf/MaterialInstances_MR/MI_Opaque_Sheen.uasset" 939
"../../../Engine/Plugins/Interchange/Runtime/Content/gltf/MaterialInstances_MR/MI_Opaque_Sheen.uexp" 940
"../../../Engine/Plugins/Interchange/Runtime/Content/gltf/MaterialInstances_MR/MI_Opaque_ClearCoat_TS.uasset" 941
"../../../Engine/Plugins/Interchange/Runtime/Content/gltf/MaterialInstances_MR/MI_Opaque_ClearCoat_TS.uexp" 942
"../../../Engine/Plugins/Interchange/Runtime/Content/gltf/MaterialInstances_MR/MI_Opaque_ClearCoat.uasset" 943
"../../../Engine/Plugins/Interchange/Runtime/Content/gltf/MaterialInstances_MR/MI_Opaque_ClearCoat.uexp" 944
"../../../Engine/Plugins/Interchange/Runtime/Content/gltf/MaterialInstances_MR/MI_Opaque.uasset" 945
"../../../Engine/Plugins/Interchange/Runtime/Content/gltf/MaterialInstances_MR/MI_Opaque.uexp" 946
"../../../Engine/Content/Functions/Engine_MaterialFunctions02/WorldPositionOffset/V2/ObjectScale.uasset" 947
"../../../Engine/Content/Functions/Engine_MaterialFunctions02/WorldPositionOffset/V2/ObjectScale.uexp" 948
"../../../Engine/Plugins/Interchange/Runtime/Content/gltf/MaterialFunctions/MF_TransmissionOpacity.uasset" 949
"../../../Engine/Plugins/Interchange/Runtime/Content/gltf/MaterialFunctions/MF_TransmissionOpacity.uexp" 950
"../../../Engine/Plugins/Interchange/Runtime/Content/Functions/MX_Transmission.uasset" 951
"../../../Engine/Plugins/Interchange/Runtime/Content/Functions/MX_Transmission.uexp" 952
"../../../Engine/Plugins/Interchange/Runtime/Content/Functions/MX_StandardSurface.uasset" 953
"../../../Engine/Plugins/Interchange/Runtime/Content/Functions/MX_StandardSurface.uexp" 954
"../../../Engine/Plugins/Interchange/Runtime/Content/Functions/MX_TransmissionSurface.uasset" 955
"../../../Engine/Plugins/Interchange/Runtime/Content/Functions/MX_TransmissionSurface.uexp" 956
"../../../Engine/Content/Maps/Templates/HLODs/HLODLayer_Instanced.uasset" 957
"../../../Engine/Content/Maps/Templates/HLODs/HLODLayer_Instanced.uexp" 958
"D:/CPP/UE5_Projects/ItemsPicker/Content/Maps/PickingTesting.uexp" 959
"D:/CPP/UE5_Projects/ItemsPicker/Content/Maps/PickingTesting.umap" 960
"../../../Engine/Content/Maps/Entry_BuiltData.uasset" 961
"../../../Engine/Content/Maps/Entry_BuiltData.uexp" 962
"../../../Engine/Content/Maps/Entry.uexp" 963
"../../../Engine/Content/Maps/Entry.umap" 964
"D:/CPP/UE5_Projects/ItemsPicker/Content/Maps/PickingTesting/_Generated_/MainGrid_L0_X0_Y0_DL0.uexp" 965
"D:/CPP/UE5_Projects/ItemsPicker/Content/Maps/PickingTesting/_Generated_/MainGrid_L0_X0_Y0_DL0.umap" 966
